<?xml version="1.0" encoding="UTF-8"?>
<testng-results skipped="0" failed="5" ignored="0" total="5" passed="0">
  <reporter-output>
    <line>
      <![CDATA[Object: Cases]]>
    </line>
    <line>
      <![CDATA[Record Type: Benefits Verification]]>
    </line>
    <line>
      <![CDATA[Case Sub-Type: New BV]]>
    </line>
    <line>
      <![CDATA[Created Cases record.Record ID/Name : New Case]]>
    </line>
    <line>
      <![CDATA[Object: Cases]]>
    </line>
    <line>
      <![CDATA[Record Type: Benefits Verification]]>
    </line>
    <line>
      <![CDATA[Case Sub-Type: New BV]]>
    </line>
    <line>
      <![CDATA[Object: Cases]]>
    </line>
    <line>
      <![CDATA[Record Type: Benefits Verification]]>
    </line>
    <line>
      <![CDATA[Case Sub-Type: New BV]]>
    </line>
    <line>
      <![CDATA[Object: Cases]]>
    </line>
    <line>
      <![CDATA[Record Type: Benefits Verification]]>
    </line>
    <line>
      <![CDATA[Case Sub-Type: New BV]]>
    </line>
    <line>
      <![CDATA[Object: Cases]]>
    </line>
    <line>
      <![CDATA[Record Type: Benefits Verification]]>
    </line>
    <line>
      <![CDATA[Case Sub-Type: New BV]]>
    </line>
    <line>
      <![CDATA[PN-00186 is not available in Prescription Lookup]]>
    </line>
    <line>
      <![CDATA[Screenshot : CRM_Benefit Verification_02152018_060041914_Failed.PNG]]>
    </line>
  </reporter-output>
  <suite name="Default suite" duration-ms="424543" started-at="2018-02-15T10:53:58Z" finished-at="2018-02-15T11:01:03Z">
    <groups>
      <group name="Benefit Verification">
        <method signature="BenefitVerificationRegression01.benefitVerificationRegression01(java.lang.String, java.lang.String, java.lang.String, java.lang.String, java.lang.String, java.lang.String, java.lang.String, java.lang.String, java.lang.String, java.lang.String, java.lang.String, java.lang.String, java.lang.String, java.lang.String)[pri:0, instance:fusion.regression.crm.benefitverification.BenefitVerificationRegression01@1552920]" name="benefitVerificationRegression01" class="fusion.regression.crm.benefitverification.BenefitVerificationRegression01"/>
      </group> <!-- Benefit Verification -->
      <group name="Regression">
        <method signature="BenefitVerificationRegression01.benefitVerificationRegression01(java.lang.String, java.lang.String, java.lang.String, java.lang.String, java.lang.String, java.lang.String, java.lang.String, java.lang.String, java.lang.String, java.lang.String, java.lang.String, java.lang.String, java.lang.String, java.lang.String)[pri:0, instance:fusion.regression.crm.benefitverification.BenefitVerificationRegression01@1552920]" name="benefitVerificationRegression01" class="fusion.regression.crm.benefitverification.BenefitVerificationRegression01"/>
      </group> <!-- Regression -->
      <group name="CRM">
        <method signature="BenefitVerificationRegression01.benefitVerificationRegression01(java.lang.String, java.lang.String, java.lang.String, java.lang.String, java.lang.String, java.lang.String, java.lang.String, java.lang.String, java.lang.String, java.lang.String, java.lang.String, java.lang.String, java.lang.String, java.lang.String)[pri:0, instance:fusion.regression.crm.benefitverification.BenefitVerificationRegression01@1552920]" name="benefitVerificationRegression01" class="fusion.regression.crm.benefitverification.BenefitVerificationRegression01"/>
      </group> <!-- CRM -->
    </groups>
    <test name="Default test" duration-ms="424543" started-at="2018-02-15T10:53:58Z" finished-at="2018-02-15T11:01:03Z">
      <class name="fusion.regression.crm.benefitverification.BenefitVerificationRegression01">
        <test-method status="PASS" signature="initSetUp(org.testng.ITestContext)[pri:0, instance:fusion.regression.crm.benefitverification.BenefitVerificationRegression01@1552920]" name="initSetUp" is-config="true" duration-ms="843" started-at="2018-02-15T05:53:57Z" finished-at="2018-02-15T05:53:58Z">
          <params>
            <param index="0">
              <value>
                <![CDATA[org.testng.TestRunner@b6b6b6]]>
              </value>
            </param>
          </params>
          <reporter-output>
          </reporter-output>
        </test-method> <!-- initSetUp -->
        <test-method status="PASS" signature="setUpMethod(java.lang.reflect.Method)[pri:0, instance:fusion.regression.crm.benefitverification.BenefitVerificationRegression01@1552920]" name="setUpMethod" is-config="true" duration-ms="6004" started-at="2018-02-15T05:53:58Z" finished-at="2018-02-15T05:54:04Z">
          <params>
            <param index="0">
              <value>
                <![CDATA[public void fusion.regression.crm.benefitverification.BenefitVerificationRegression01.benefitVerificationRegression01(java.lang.String,java.lang.String,java.lang.String,java.lang.String,java.lang.String,java.lang.String,java.lang.String,java.lang.String,java.lang.String,java.lang.String,java.lang.String,java.lang.String,java.lang.String,java.lang.String)]]>
              </value>
            </param>
          </params>
          <reporter-output>
          </reporter-output>
        </test-method> <!-- setUpMethod -->
        <test-method status="FAIL" signature="benefitVerificationRegression01(java.lang.String, java.lang.String, java.lang.String, java.lang.String, java.lang.String, java.lang.String, java.lang.String, java.lang.String, java.lang.String, java.lang.String, java.lang.String, java.lang.String, java.lang.String, java.lang.String)[pri:0, instance:fusion.regression.crm.benefitverification.BenefitVerificationRegression01@1552920]" name="benefitVerificationRegression01" duration-ms="80723" started-at="2018-02-15T05:54:04Z" data-provider="dataLoader" finished-at="2018-02-15T05:55:25Z">
          <params>
            <param index="0">
              <value>
                <![CDATA[pLkxmri9LDQ=9XT/+iY2DkD2e9fQfazFplCtnGUgg2Cm65Q4DL9v0GBY7YTDehAcpYNKbLM=]]>
              </value>
            </param>
            <param index="1">
              <value>
                <![CDATA[A0kZImis0kw=VOB2uZU+NwU=]]>
              </value>
            </param>
            <param index="2">
              <value>
                <![CDATA[{"RecordDetails":[{"SectionName":"","FieldLabel":"Record Type", "FieldType":"Label", "TestData":"Benefits Verification"}, {"SectionName":"","FieldLabel":"Case Sub-Type", "FieldType":"Picklist", "TestData":"New BV"}, {"SectionName":"","FieldLabel":"Source", "FieldType":"Picklist", "TestData":"Patient"},{"SectionName":"","FieldLabel":"Status","FieldType":"Picklist","TestData":"In Progress"}, {"SectionName":"","FieldLabel":"Method of Intake", "FieldType":"Picklist", "TestData":"Fax"}, {"SectionName":"","FieldLabel":"Patient", "FieldType":"Lookup", "TestData":"Automation Clovis AA"}, {"SectionName":"","FieldLabel":"Provider Site Relationship", "FieldType":"Lookup", "TestData":"Automation Clovis Provider AA : Automation Clovis Site AA"}, {"SectionName":"","FieldLabel":"Program", "FieldType":"Lookup", "TestData":"Rubraca Connections"}, {"SectionName":"","FieldLabel":"Brand", "FieldType":"Lookup", "TestData":" RUBRACA"},{"SectionName":"","FieldLabel":"Prescription","FieldType":"Lookup","TestData":"PN-06601"},{"SectionName":"","FieldLabel":"Product","FieldType":"Lookup","TestData":"RUBRACA 200 MG TAB 60"},{"SectionName":"","FieldLabel":"Patient-Brand","FieldType":"Lookup","TestData":"Automation Clovis AA : RUBRACA"},{"SectionName":"","FieldLabel":"Diagnosis Code 1","FieldType":"Lookup","TestData":"20310"}]}]]>
              </value>
            </param>
            <param index="3">
              <value>
                <![CDATA[{"RecordDetails":[{"SectionName":"","FieldLabel":"Eligibility Check Type", "FieldType":"Picklist", "TestData":"Pharmacy Test Claim"}]}]]>
              </value>
            </param>
            <param index="4">
              <value>
                <![CDATA[{"RecordDetails":[]}]]>
              </value>
            </param>
            <param index="5">
              <value>
                <![CDATA[{"RecordDetails":[]}]]>
              </value>
            </param>
            <param index="6">
              <value>
                <![CDATA[{"RecordDetails":[{"SectionName":"","FieldLabel":"Record Type","FieldType":"Label","TestData":"Medical Benefits Profile"},{"SectionName":"","FieldLabel":"Payer Ability to Disclose Benefits","FieldType":"Picklist","TestData":"No Restrictions"},{"SectionName":"","FieldLabel":"Sub Type","FieldType":"Picklist","TestData":"AOB"},{"SectionName":"","FieldLabel":"Outcome","FieldType":"Picklist","TestData":"Covered"},{"SectionName":"","FieldLabel":"Pre-Existing Condition","FieldType":"Picklist","TestData":"Yes"},{"SectionName":"","FieldLabel":"Outcome Reason","FieldType":"Picklist","TestData":"Exception Required"},{"SectionName":"","FieldLabel":"Pre-Existing Condition Date","FieldType":"TextBox","TestData":"GetDateTime"},{"SectionName":"","FieldLabel":"PA Required?","FieldType":"Picklist","TestData":"Yes"},{"SectionName":"","FieldLabel":"Exception type","FieldType":"Picklist","TestData":"Formulary Exception"},{"SectionName":"","FieldLabel":"PA On File?","FieldType":"Picklist","TestData":"No"},{"SectionName":"","FieldLabel":"Yes","FieldType":"Button","TestData":"Click"},{"SectionName":"","FieldLabel":"Lifetime Maximum Amount Met","FieldType":"TextBox","TestData":"100"},{"SectionName":"","FieldLabel":"Benefit Cap Amount","FieldType":"TextBox","TestData":"100"},{"SectionName":"","FieldLabel":"Benefit Cap Amount Met","FieldType":"TextBox","TestData":"100"},{"SectionName":"","FieldLabel":"Individual Deductible","FieldType":"TextBox","TestData":"100"},{"SectionName":"","FieldLabel":"Individual Deductible Amount Met","FieldType":"TextBox","TestData":"100"},{"SectionName":"","FieldLabel":"Lifetime Maximum Amount","FieldType":"TextBox","TestData":"100"},{"SectionName":"","FieldLabel":"Family Out-of-Pocket","FieldType":"TextBox","TestData":"100"},{"SectionName":"","FieldLabel":"Family Out-of-Pocket Amount Met","FieldType":"TextBox","TestData":"100"},{"SectionName":"","FieldLabel":"Individual Out-of-Pocket","FieldType":"TextBox","TestData":"100"},{"SectionName":"","FieldLabel":"Individual Out-of-Pocket Amount Met","FieldType":"TextBox","TestData":"100"},{"SectionName":"","FieldLabel":"Family Deductible","FieldType":"TextBox","TestData":"100"},{"SectionName":"","FieldLabel":"Family Deductible Amount Met","FieldType":"TextBox","TestData":"100"},{"SectionName":"","FieldLabel":"Pre-Existing Condition Date","FieldType":"TextBox","TestData":"GetDateTime"}]}]]>
              </value>
            </param>
            <param index="7">
              <value>
                <![CDATA[{"RecordDetails":[{"SectionName":"","FieldLabel":"Record Type","FieldType":"Label","TestData":"Pharmacy Benefits Profile"},{"SectionName":"","FieldLabel":"Payer Ability to Disclose Benefits","FieldType":"Picklist","TestData":"No Restrictions"},{"SectionName":"","FieldLabel":"Sub Type","FieldType":"Picklist","TestData":"Retail"},{"SectionName":"","FieldLabel":"Pre-Existing Condition","FieldType":"Label","TestData":"No"},{"SectionName":"","FieldLabel":"Outcome","FieldType":"Picklist","TestData":"Covered"},{"SectionName":"","FieldLabel":"Outcome Reason","FieldType":"Picklist","TestData":"Coverage Subject to Ben. Cap"},{"SectionName":"","FieldLabel":"PA Required?","FieldType":"Picklist","TestData":"Yes"},{"SectionName":"","FieldLabel":"Tier Lowering?","FieldType":"Picklist","TestData":"Yes"},{"SectionName":"","FieldLabel":"Tier Lowering Process","FieldType":"TextBox","TestData":"Automation Clovis AA"},{"SectionName":"","FieldLabel":"Yes","FieldType":"Button","TestData":"Click"},{"SectionName":"","FieldLabel":"Individual Deductible","FieldType":"TextBox","TestData":"100"},{"SectionName":"","FieldLabel":"Individual Deductible Amount Met","FieldType":"TextBox","TestData":"100"},{"SectionName":"","FieldLabel":"Individual Out-of-Pocket","FieldType":"TextBox","TestData":"100"},{"SectionName":"","FieldLabel":"Individual Out-of-Pocket Amount Met","FieldType":"TextBox","TestData":"100"},{"SectionName":"","FieldLabel":"Family Deductible","FieldType":"TextBox","TestData":"100"},{"SectionName":"","FieldLabel":"Family Deductible Amount Met","FieldType":"TextBox","TestData":"100"},{"SectionName":"","FieldLabel":"Family Out-of-Pocket","FieldType":"TextBox","TestData":"100"},{"SectionName":"","FieldLabel":"Family Out-of-Pocket Amount Met","FieldType":"TextBox","TestData":"100"},{"SectionName":"","FieldLabel":"Drug Cap Amount","FieldType":"TextBox","TestData":"100"},{"SectionName":"","FieldLabel":"Drug Cap Amount Met","FieldType":"TextBox","TestData":"100"},{"SectionName":"","FieldLabel":"Pharmacy Cap Amount","FieldType":"TextBox","TestData":"100"},{"SectionName":"","FieldLabel":"Pharmacy Cap Amount Met","FieldType":"TextBox","TestData":"100"}]}]]>
              </value>
            </param>
            <param index="8">
              <value>
                <![CDATA[{"RecordDetails":[{"SectionName":"","FieldLabel":"Record Type","FieldType":"Label","TestData":"Triage"},{"SectionName":"","FieldLabel":"Prescription","FieldType":"Lookup","TestData":"A645587618"},{"SectionName":"","FieldLabel":"Program","FieldType":"Lookup","TestData":"Rubraca Connections"},{"SectionName":"","FieldLabel":"Brand","FieldType":"Lookup","TestData":" RUBRACA"},{"SectionName":"","FieldLabel":"Prescription Document","FieldType":"Lookup","TestData":"AT Prescription Document"},{"SectionName":"","FieldLabel":"Product Type","FieldType":"Picklist","TestData":"Initial Product Fill"}]}]]>
              </value>
            </param>
            <param index="9">
              <value>
                <![CDATA[{"RecordDetails":[{"SectionName":"","FieldLabel":"Name","FieldType":"TextArea","TestData":"Blurb 2"}]}]]>
              </value>
            </param>
            <param index="10">
              <value>
                <![CDATA[{"RecordDetails":[{"SectionName":"","FieldLabel":"Record Type","FieldType":"Label","TestData":"Follow Up 1 Step"}, {"SectionName":"","FieldLabel":"Audience","FieldType":"Picklist","TestData":"Patient"}, {"SectionName":"","FieldLabel":"Patient","FieldType":"Lookup","TestData":"Automation Clovis AA"}, {"SectionName":"","FieldLabel":"Program","FieldType":"Lookup","TestData":"Rubraca Connections"}, {"SectionName":"","FieldLabel":"Case Sub-Type","FieldType":"Picklist","TestData":"New Rx Needed"}, {"SectionName":"","FieldLabel":"Brand","FieldType":"Lookup","TestData":" RUBRACA"}]}]]>
              </value>
            </param>
            <param index="11">
              <value>
                <![CDATA[{"RecordDetails":[{"SectionName":"","FieldLabel":"Due Date","FieldType":"TextBox","TestData":"GetDate"}, {"SectionName":"","FieldLabel":"Number of Attempts","FieldType":"TextBox","TestData":"3"}]}]]>
              </value>
            </param>
            <param index="12">
              <value>
                <![CDATA[{"RecordDetails":[{"SectionName":"","FieldLabel":"Overall Outcome","FieldType":"Picklist","TestData":"Covered"},{"SectionName":"","FieldLabel":"Overall Outcome Reason","FieldType":"Picklist","TestData":"Exception Required"},{"SectionName":"","FieldLabel":"Status","FieldType":"Picklist","TestData":"Completed"}]}]]>
              </value>
            </param>
            <param index="13">
              <value>
                <![CDATA[{"RecordDetails":[{"SectionName":"","FieldLabel":"Proceed With BV","FieldType":"CheckBox","TestData":"Checked"}]}]]>
              </value>
            </param>
          </params>
          <exception class="org.openqa.selenium.WebDriverException">
            <message>
              <![CDATA[unknown error: unhandled inspector error: {"code":-32000,"message":"Cannot find context with specified id"}  (Session info: chrome=64.0.3282.140)  (Driver info: chromedriver=2.34.522940 (1a76f96f66e3ca7b8e57d503b4dd3bccfba87af1),platform=Windows NT 6.1.7601 SP1 x86_64) (WARNING: The server did not provide any stacktrace information)Command duration or timeout: 0 millisecondsBuild info: version: '3.8.1', revision: '6e95a6684b', time: '2017-12-01T18:33:54.468Z'System info: host: 'CLTXDFUS7130', ip: '10.214.201.13', os.name: 'Windows 7', os.arch: 'x86', os.version: '6.1', java.version: '1.8.0_101'Driver info: org.openqa.selenium.chrome.ChromeDriverCapabilities {acceptSslCerts: true, applicationCacheEnabled: false, browserConnectionEnabled: false, browserName: chrome, chrome: {chromedriverVersion: 2.34.522940 (1a76f96f66e3ca..., userDataDir: C:\Users\V423137\AppData\Lo...}, cssSelectorsEnabled: true, databaseEnabled: false, handlesAlerts: true, hasTouchScreen: false, javascriptEnabled: true, locationContextEnabled: true, mobileEmulationEnabled: false, nativeEvents: true, networkConnectionEnabled: false, pageLoadStrategy: normal, platform: XP, platformName: XP, rotatable: false, setWindowRect: true, takesHeapSnapshot: true, takesScreenshot: true, unexpectedAlertBehaviour: , unhandledPromptBehavior: , version: 64.0.3282.140, webStorageEnabled: true}Session ID: 132970dc91aa24d9a30244dba919f448*** Element info: {Using=xpath, value=//input[normalize-space(@value)="Cancel" and (@type='button' or @type='submit')]}]]>
            </message>
            <full-stacktrace>
              <![CDATA[org.openqa.selenium.WebDriverException: unknown error: unhandled inspector error: {"code":-32000,"message":"Cannot find context with specified id"}  (Session info: chrome=64.0.3282.140)  (Driver info: chromedriver=2.34.522940 (1a76f96f66e3ca7b8e57d503b4dd3bccfba87af1),platform=Windows NT 6.1.7601 SP1 x86_64) (WARNING: The server did not provide any stacktrace information)Command duration or timeout: 0 millisecondsBuild info: version: '3.8.1', revision: '6e95a6684b', time: '2017-12-01T18:33:54.468Z'System info: host: 'CLTXDFUS7130', ip: '10.214.201.13', os.name: 'Windows 7', os.arch: 'x86', os.version: '6.1', java.version: '1.8.0_101'Driver info: org.openqa.selenium.chrome.ChromeDriverCapabilities {acceptSslCerts: true, applicationCacheEnabled: false, browserConnectionEnabled: false, browserName: chrome, chrome: {chromedriverVersion: 2.34.522940 (1a76f96f66e3ca..., userDataDir: C:\Users\V423137\AppData\Lo...}, cssSelectorsEnabled: true, databaseEnabled: false, handlesAlerts: true, hasTouchScreen: false, javascriptEnabled: true, locationContextEnabled: true, mobileEmulationEnabled: false, nativeEvents: true, networkConnectionEnabled: false, pageLoadStrategy: normal, platform: XP, platformName: XP, rotatable: false, setWindowRect: true, takesHeapSnapshot: true, takesScreenshot: true, unexpectedAlertBehaviour: , unhandledPromptBehavior: , version: 64.0.3282.140, webStorageEnabled: true}Session ID: 132970dc91aa24d9a30244dba919f448*** Element info: {Using=xpath, value=//input[normalize-space(@value)="Cancel" and (@type='button' or @type='submit')]}at sun.reflect.NativeConstructorAccessorImpl.newInstance0(Native Method)at sun.reflect.NativeConstructorAccessorImpl.newInstance(Unknown Source)at sun.reflect.DelegatingConstructorAccessorImpl.newInstance(Unknown Source)at java.lang.reflect.Constructor.newInstance(Unknown Source)at org.openqa.selenium.remote.ErrorHandler.createThrowable(ErrorHandler.java:214)at org.openqa.selenium.remote.ErrorHandler.throwIfResponseFailed(ErrorHandler.java:166)at org.openqa.selenium.remote.http.JsonHttpResponseCodec.reconstructValue(JsonHttpResponseCodec.java:40)at org.openqa.selenium.remote.http.AbstractHttpResponseCodec.decode(AbstractHttpResponseCodec.java:80)at org.openqa.selenium.remote.http.AbstractHttpResponseCodec.decode(AbstractHttpResponseCodec.java:44)at org.openqa.selenium.remote.HttpCommandExecutor.execute(HttpCommandExecutor.java:164)at org.openqa.selenium.remote.service.DriverCommandExecutor.execute(DriverCommandExecutor.java:83)at org.openqa.selenium.remote.RemoteWebDriver.execute(RemoteWebDriver.java:601)at org.openqa.selenium.remote.RemoteWebDriver.findElements(RemoteWebDriver.java:398)at org.openqa.selenium.remote.RemoteWebDriver.findElementsByXPath(RemoteWebDriver.java:477)at org.openqa.selenium.By$ByXPath.findElements(By.java:356)at org.openqa.selenium.remote.RemoteWebDriver.findElements(RemoteWebDriver.java:359)at fusion.library.framework.SeleniumLibrary.getWebElementsFromLocatorDetails(SeleniumLibrary.java:1676)at fusion.library.framework.SeleniumLibrary.getWebElements(SeleniumLibrary.java:377)at fusion.library.framework.SeleniumLibrary.isElementExists(SeleniumLibrary.java:906)at fusion.library.framework.SeleniumLibrary.getElementXPath(SeleniumLibrary.java:1402)at fusion.library.framework.SeleniumLibrary.isElementExists(SeleniumLibrary.java:924)at fusion.library.framework.DriverSyncLibrary.waitForPageToLoad(DriverSyncLibrary.java:47)at fusion.library.framework.SeleniumLibrary.refreshDriver(SeleniumLibrary.java:183)at fusion.library.application.CRMLibrary.createNewRecord(CRMLibrary.java:208)at fusion.library.application.CRMLibrary.createNewRecord(CRMLibrary.java:92)at fusion.regression.crm.benefitverification.BenefitVerificationRegression01.benefitVerificationRegression01(BenefitVerificationRegression01.java:33)at sun.reflect.NativeMethodAccessorImpl.invoke0(Native Method)at sun.reflect.NativeMethodAccessorImpl.invoke(Unknown Source)at sun.reflect.DelegatingMethodAccessorImpl.invoke(Unknown Source)at java.lang.reflect.Method.invoke(Unknown Source)at org.testng.internal.MethodInvocationHelper.invokeMethod(MethodInvocationHelper.java:124)at org.testng.internal.Invoker.invokeMethod(Invoker.java:571)at org.testng.internal.Invoker.invokeTestMethod(Invoker.java:707)at org.testng.internal.Invoker.invokeTestMethods(Invoker.java:979)at org.testng.internal.TestMethodWorker.invokeTestMethods(TestMethodWorker.java:125)at org.testng.internal.TestMethodWorker.run(TestMethodWorker.java:109)at org.testng.TestRunner.privateRun(TestRunner.java:648)at org.testng.TestRunner.run(TestRunner.java:505)at org.testng.SuiteRunner.runTest(SuiteRunner.java:455)at org.testng.SuiteRunner.runSequentially(SuiteRunner.java:450)at org.testng.SuiteRunner.privateRun(SuiteRunner.java:415)at org.testng.SuiteRunner.run(SuiteRunner.java:364)at org.testng.SuiteRunnerWorker.runSuite(SuiteRunnerWorker.java:52)at org.testng.SuiteRunnerWorker.run(SuiteRunnerWorker.java:84)at org.testng.TestNG.runSuitesSequentially(TestNG.java:1187)at org.testng.TestNG.runSuitesLocally(TestNG.java:1116)at org.testng.TestNG.runSuites(TestNG.java:1028)at org.testng.TestNG.run(TestNG.java:996)at org.testng.remote.AbstractRemoteTestNG.run(AbstractRemoteTestNG.java:132)at org.testng.remote.RemoteTestNG.initAndRun(RemoteTestNG.java:236)at org.testng.remote.RemoteTestNG.main(RemoteTestNG.java:81)]]>
            </full-stacktrace>
          </exception> <!-- org.openqa.selenium.WebDriverException -->
          <reporter-output>
            <line>
              <![CDATA[Object: Cases]]>
            </line>
            <line>
              <![CDATA[Record Type: Benefits Verification]]>
            </line>
            <line>
              <![CDATA[Case Sub-Type: New BV]]>
            </line>
            <line>
              <![CDATA[Created Cases record.Record ID/Name : New Case]]>
            </line>
          </reporter-output>
        </test-method> <!-- benefitVerificationRegression01 -->
        <test-method status="PASS" signature="closeMethod(org.testng.ITestResult)[pri:0, instance:fusion.regression.crm.benefitverification.BenefitVerificationRegression01@1552920]" name="closeMethod" is-config="true" duration-ms="1126" started-at="2018-02-15T05:55:25Z" finished-at="2018-02-15T05:55:26Z">
          <params>
            <param index="0">
              <value>
                <![CDATA[[TestResult name=benefitVerificationRegression01 status=FAILURE method=BenefitVerificationRegression01.benefitVerificationRegression01(java.lang.String, java.lang.String, java.lang.String, java.lang.String, java.lang.String, java.lang.String, java.lang.String, java.lang.String, java.lang.String, java.lang.String, java.lang.String, java.lang.String, java.lang.String, java.lang.String)[pri:0, instance:fusion.regression.crm.benefitverification.BenefitVerificationRegression01@1552920] output=Object: Cases]]]>
              </value>
            </param>
          </params>
          <reporter-output>
          </reporter-output>
        </test-method> <!-- closeMethod -->
        <test-method status="PASS" signature="setUpMethod(java.lang.reflect.Method)[pri:0, instance:fusion.regression.crm.benefitverification.BenefitVerificationRegression01@1552920]" name="setUpMethod" is-config="true" duration-ms="5155" started-at="2018-02-15T05:55:26Z" finished-at="2018-02-15T05:55:31Z">
          <params>
            <param index="0">
              <value>
                <![CDATA[public void fusion.regression.crm.benefitverification.BenefitVerificationRegression01.benefitVerificationRegression01(java.lang.String,java.lang.String,java.lang.String,java.lang.String,java.lang.String,java.lang.String,java.lang.String,java.lang.String,java.lang.String,java.lang.String,java.lang.String,java.lang.String,java.lang.String,java.lang.String)]]>
              </value>
            </param>
          </params>
          <reporter-output>
          </reporter-output>
        </test-method> <!-- setUpMethod -->
        <test-method status="FAIL" signature="benefitVerificationRegression01(java.lang.String, java.lang.String, java.lang.String, java.lang.String, java.lang.String, java.lang.String, java.lang.String, java.lang.String, java.lang.String, java.lang.String, java.lang.String, java.lang.String, java.lang.String, java.lang.String)[pri:0, instance:fusion.regression.crm.benefitverification.BenefitVerificationRegression01@1552920]" name="benefitVerificationRegression01" duration-ms="69931" started-at="2018-02-15T05:55:31Z" data-provider="dataLoader" finished-at="2018-02-15T05:56:41Z">
          <params>
            <param index="0">
              <value>
                <![CDATA[dOlrjL5oPio=vWibfe8rK5s1fvtKaS0bITr83Syga7al8Ktcyp4FmJmyLaGruQoMx673IMU=]]>
              </value>
            </param>
            <param index="1">
              <value>
                <![CDATA[6VwnjsuGuF8=bh3Dlhe8r1s=]]>
              </value>
            </param>
            <param index="2">
              <value>
                <![CDATA[{"RecordDetails":[{"SectionName":"","FieldLabel":"Record Type", "FieldType":"Label", "TestData":"Benefits Verification"}, {"SectionName":"","FieldLabel":"Case Sub-Type", "FieldType":"Picklist", "TestData":"New BV"}, {"SectionName":"","FieldLabel":"Source", "FieldType":"Picklist", "TestData":"Patient"},{"SectionName":"","FieldLabel":"Status","FieldType":"Picklist","TestData":"In Progress"}, {"SectionName":"","FieldLabel":"Method of Intake", "FieldType":"Picklist", "TestData":"Fax"}, {"SectionName":"","FieldLabel":"Patient", "FieldType":"Lookup", "TestData":"Automation Clovis AA"}, {"SectionName":"","FieldLabel":"Provider Site Relationship", "FieldType":"Lookup", "TestData":"Automation Clovis Provider AA : Automation Clovis Site AA"}, {"SectionName":"","FieldLabel":"Program", "FieldType":"Lookup", "TestData":"Rubraca Connections"}, {"SectionName":"","FieldLabel":"Prescription","FieldType":"Lookup","TestData":"PN-00186"},{"SectionName":"","FieldLabel":"Brand", "FieldType":"Lookup", "TestData":" RUBRACA"},{"SectionName":"","FieldLabel":"Product","FieldType":"Lookup","TestData":"RUBRACA 200 MG TAB 60"},{"SectionName":"","FieldLabel":"Patient-Brand","FieldType":"Lookup","TestData":"Automation Clovis AA : RUBRACA"},{"SectionName":"","FieldLabel":"Diagnosis Code 1","FieldType":"Lookup","TestData":"20310"}]}]]>
              </value>
            </param>
            <param index="3">
              <value>
                <![CDATA[{"RecordDetails":[{"SectionName":"","FieldLabel":"Eligibility Check Type", "FieldType":"Picklist", "TestData":"Medical"}]}]]>
              </value>
            </param>
            <param index="4">
              <value>
                <![CDATA[{"RecordDetails":[]}]]>
              </value>
            </param>
            <param index="5">
              <value>
                <![CDATA[{"RecordDetails":[]}]]>
              </value>
            </param>
            <param index="6">
              <value>
                <![CDATA[{"RecordDetails":[{"SectionName":"","FieldLabel":"Record Type","FieldType":"Label","TestData":"Medical Benefits Profile"},{"SectionName":"","FieldLabel":"Payer Ability to Disclose Benefits","FieldType":"Picklist","TestData":"No Restrictions"},{"SectionName":"","FieldLabel":"Sub Type","FieldType":"Picklist","TestData":"AOB"},{"SectionName":"","FieldLabel":"Outcome","FieldType":"Picklist","TestData":"Covered"},{"SectionName":"","FieldLabel":"Outcome Reason","FieldType":"Picklist","TestData":"Exception Required"},{"SectionName":"","FieldLabel":"PA Required?","FieldType":"Picklist","TestData":"Yes"},{"SectionName":"","FieldLabel":"Exception type","FieldType":"Picklist","TestData":"Formulary Exception"},{"SectionName":"","FieldLabel":"PA On File?","FieldType":"Picklist","TestData":"No"},{"SectionName":"","FieldLabel":"Yes","FieldType":"Button","TestData":"Click"},{"SectionName":"","FieldLabel":"Lifetime Maximum Amount Met","FieldType":"TextBox","TestData":"100"},{"SectionName":"","FieldLabel":"Benefit Cap Amount","FieldType":"TextBox","TestData":"100"},{"SectionName":"","FieldLabel":"Benefit Cap Amount Met","FieldType":"TextBox","TestData":"100"},{"SectionName":"","FieldLabel":"Individual Deductible","FieldType":"TextBox","TestData":"100"},{"SectionName":"","FieldLabel":"Individual Deductible Amount Met","FieldType":"TextBox","TestData":"100"},{"SectionName":"","FieldLabel":"Lifetime Maximum Amount","FieldType":"TextBox","TestData":"100"},{"SectionName":"","FieldLabel":"Family Out-of-Pocket","FieldType":"TextBox","TestData":"100"},{"SectionName":"","FieldLabel":"Family Out-of-Pocket Amount Met","FieldType":"TextBox","TestData":"100"},{"SectionName":"","FieldLabel":"Individual Out-of-Pocket","FieldType":"TextBox","TestData":"100"},{"SectionName":"","FieldLabel":"Individual Out-of-Pocket Amount Met","FieldType":"TextBox","TestData":"100"},{"SectionName":"","FieldLabel":"Family Deductible","FieldType":"TextBox","TestData":"100"},{"SectionName":"","FieldLabel":"Family Deductible Amount Met","FieldType":"TextBox","TestData":"100"},{"SectionName":"","FieldLabel":"Pre-Existing Condition Date","FieldType":"TextBox","TestData":"GetDateTime"}]}]]>
              </value>
            </param>
            <param index="7">
              <value>
                <![CDATA[{"RecordDetails":[{"SectionName":"","FieldLabel":"Record Type","FieldType":"Label","TestData":"Pharmacy Benefits Profile"},{"SectionName":"","FieldLabel":"Payer Ability to Disclose Benefits","FieldType":"Picklist","TestData":"No Restrictions"},{"SectionName":"","FieldLabel":"Sub Type","FieldType":"Picklist","TestData":"Retail"},{"SectionName":"","FieldLabel":"Outcome","FieldType":"Picklist","TestData":"Covered"},{"SectionName":"","FieldLabel":"Outcome Reason","FieldType":"Picklist","TestData":"Coverage Subject to Ben. Cap"},{"SectionName":"","FieldLabel":"PA Required?","FieldType":"Picklist","TestData":"Yes"},{"SectionName":"","FieldLabel":"Tier Lowering?","FieldType":"Picklist","TestData":"Yes"},{"SectionName":"","FieldLabel":"Tier Lowering Process","FieldType":"TextBox","TestData":"Automation Clovis AA"},{"SectionName":"","FieldLabel":"Yes","FieldType":"Button","TestData":"Click"},{"SectionName":"","FieldLabel":"Individual Deductible","FieldType":"TextBox","TestData":"100"},{"SectionName":"","FieldLabel":"Individual Deductible Amount Met","FieldType":"TextBox","TestData":"100"},{"SectionName":"","FieldLabel":"Individual Out-of-Pocket","FieldType":"TextBox","TestData":"100"},{"SectionName":"","FieldLabel":"Individual Out-of-Pocket Amount Met","FieldType":"TextBox","TestData":"100"},{"SectionName":"","FieldLabel":"Family Deductible","FieldType":"TextBox","TestData":"100"},{"SectionName":"","FieldLabel":"Family Deductible Amount Met","FieldType":"TextBox","TestData":"100"},{"SectionName":"","FieldLabel":"Family Out-of-Pocket","FieldType":"TextBox","TestData":"100"},{"SectionName":"","FieldLabel":"Family Out-of-Pocket Amount Met","FieldType":"TextBox","TestData":"100"},{"SectionName":"","FieldLabel":"Drug Cap Amount","FieldType":"TextBox","TestData":"100"},{"SectionName":"","FieldLabel":"Drug Cap Amount Met","FieldType":"TextBox","TestData":"100"},{"SectionName":"","FieldLabel":"Pharmacy Cap Amount","FieldType":"TextBox","TestData":"100"},{"SectionName":"","FieldLabel":"Pharmacy Cap Amount Met","FieldType":"TextBox","TestData":"100"}]}]]>
              </value>
            </param>
            <param index="8">
              <value>
                <![CDATA[{"RecordDetails":[{"SectionName":"","FieldLabel":"Record Type","FieldType":"Label","TestData":"Triage"},{"SectionName":"","FieldLabel":"Prescription","FieldType":"Lookup","TestData":"A645587618"},{"SectionName":"","FieldLabel":"Program","FieldType":"Lookup","TestData":"Rubraca Connections"},{"SectionName":"","FieldLabel":"Brand","FieldType":"Lookup","TestData":" RUBRACA"},{"SectionName":"","FieldLabel":"Prescription Document","FieldType":"Lookup","TestData":"AT Prescription Document"},{"SectionName":"","FieldLabel":"Product Type","FieldType":"Picklist","TestData":"Initial Product Fill"}]}]]>
              </value>
            </param>
            <param index="9">
              <value>
                <![CDATA[{"RecordDetails":[{"SectionName":"","FieldLabel":"Name","FieldType":"TextArea","TestData":"Blurb 2"}]}]]>
              </value>
            </param>
            <param index="10">
              <value>
                <![CDATA[{"RecordDetails":[{"SectionName":"","FieldLabel":"Record Type","FieldType":"Label","TestData":"Follow Up 3 Step"}, {"SectionName":"","FieldLabel":"Audience","FieldType":"Picklist","TestData":"Patient"}, {"SectionName":"","FieldLabel":"Patient","FieldType":"Lookup","TestData":"Automation Clovis AA"}, {"SectionName":"","FieldLabel":"Program","FieldType":"Lookup","TestData":"Rubraca Connections"}, {"SectionName":"","FieldLabel":"Case Sub-Type","FieldType":"Picklist","TestData":"New Rx Needed"}, {"SectionName":"","FieldLabel":"Brand","FieldType":"Lookup","TestData":" RUBRACA"}]}]]>
              </value>
            </param>
            <param index="11">
              <value>
                <![CDATA[{"RecordDetails":[{"SectionName":"","FieldLabel":"Due Date","FieldType":"TextBox","TestData":"GetDate"}, {"SectionName":"","FieldLabel":"Number of Attempts","FieldType":"TextBox","TestData":"3"}]}]]>
              </value>
            </param>
            <param index="12">
              <value>
                <![CDATA[{"RecordDetails":[{"SectionName":"","FieldLabel":"Overall Outcome","FieldType":"Picklist","TestData":"Covered"},{"SectionName":"","FieldLabel":"Overall Outcome Reason","FieldType":"Picklist","TestData":"Exception Required"},{"SectionName":"","FieldLabel":"Status","FieldType":"Picklist","TestData":"Completed"}]}]]>
              </value>
            </param>
            <param index="13">
              <value>
                <![CDATA[{"RecordDetails":[{"SectionName":"","FieldLabel":"Proceed With BV","FieldType":"CheckBox","TestData":"Checked"}]}]]>
              </value>
            </param>
          </params>
          <exception class="org.openqa.selenium.WebDriverException">
            <message>
              <![CDATA[unknown error: unhandled inspector error: {"code":-32000,"message":"Cannot find context with specified id"}  (Session info: chrome=64.0.3282.140)  (Driver info: chromedriver=2.34.522940 (1a76f96f66e3ca7b8e57d503b4dd3bccfba87af1),platform=Windows NT 6.1.7601 SP1 x86_64) (WARNING: The server did not provide any stacktrace information)Command duration or timeout: 0 millisecondsBuild info: version: '3.8.1', revision: '6e95a6684b', time: '2017-12-01T18:33:54.468Z'System info: host: 'CLTXDFUS7130', ip: '10.214.201.13', os.name: 'Windows 7', os.arch: 'x86', os.version: '6.1', java.version: '1.8.0_101'Driver info: org.openqa.selenium.chrome.ChromeDriverCapabilities {acceptSslCerts: true, applicationCacheEnabled: false, browserConnectionEnabled: false, browserName: chrome, chrome: {chromedriverVersion: 2.34.522940 (1a76f96f66e3ca..., userDataDir: C:\Users\V423137\AppData\Lo...}, cssSelectorsEnabled: true, databaseEnabled: false, handlesAlerts: true, hasTouchScreen: false, javascriptEnabled: true, locationContextEnabled: true, mobileEmulationEnabled: false, nativeEvents: true, networkConnectionEnabled: false, pageLoadStrategy: normal, platform: XP, platformName: XP, rotatable: false, setWindowRect: true, takesHeapSnapshot: true, takesScreenshot: true, unexpectedAlertBehaviour: , unhandledPromptBehavior: , version: 64.0.3282.140, webStorageEnabled: true}Session ID: f319a99fe33c6adf09d58a50811d6c78*** Element info: {Using=link text, value=PN-00186}]]>
            </message>
            <full-stacktrace>
              <![CDATA[org.openqa.selenium.WebDriverException: unknown error: unhandled inspector error: {"code":-32000,"message":"Cannot find context with specified id"}  (Session info: chrome=64.0.3282.140)  (Driver info: chromedriver=2.34.522940 (1a76f96f66e3ca7b8e57d503b4dd3bccfba87af1),platform=Windows NT 6.1.7601 SP1 x86_64) (WARNING: The server did not provide any stacktrace information)Command duration or timeout: 0 millisecondsBuild info: version: '3.8.1', revision: '6e95a6684b', time: '2017-12-01T18:33:54.468Z'System info: host: 'CLTXDFUS7130', ip: '10.214.201.13', os.name: 'Windows 7', os.arch: 'x86', os.version: '6.1', java.version: '1.8.0_101'Driver info: org.openqa.selenium.chrome.ChromeDriverCapabilities {acceptSslCerts: true, applicationCacheEnabled: false, browserConnectionEnabled: false, browserName: chrome, chrome: {chromedriverVersion: 2.34.522940 (1a76f96f66e3ca..., userDataDir: C:\Users\V423137\AppData\Lo...}, cssSelectorsEnabled: true, databaseEnabled: false, handlesAlerts: true, hasTouchScreen: false, javascriptEnabled: true, locationContextEnabled: true, mobileEmulationEnabled: false, nativeEvents: true, networkConnectionEnabled: false, pageLoadStrategy: normal, platform: XP, platformName: XP, rotatable: false, setWindowRect: true, takesHeapSnapshot: true, takesScreenshot: true, unexpectedAlertBehaviour: , unhandledPromptBehavior: , version: 64.0.3282.140, webStorageEnabled: true}Session ID: f319a99fe33c6adf09d58a50811d6c78*** Element info: {Using=link text, value=PN-00186}at sun.reflect.NativeConstructorAccessorImpl.newInstance0(Native Method)at sun.reflect.NativeConstructorAccessorImpl.newInstance(Unknown Source)at sun.reflect.DelegatingConstructorAccessorImpl.newInstance(Unknown Source)at java.lang.reflect.Constructor.newInstance(Unknown Source)at org.openqa.selenium.remote.ErrorHandler.createThrowable(ErrorHandler.java:214)at org.openqa.selenium.remote.ErrorHandler.throwIfResponseFailed(ErrorHandler.java:166)at org.openqa.selenium.remote.http.JsonHttpResponseCodec.reconstructValue(JsonHttpResponseCodec.java:40)at org.openqa.selenium.remote.http.AbstractHttpResponseCodec.decode(AbstractHttpResponseCodec.java:80)at org.openqa.selenium.remote.http.AbstractHttpResponseCodec.decode(AbstractHttpResponseCodec.java:44)at org.openqa.selenium.remote.HttpCommandExecutor.execute(HttpCommandExecutor.java:164)at org.openqa.selenium.remote.service.DriverCommandExecutor.execute(DriverCommandExecutor.java:83)at org.openqa.selenium.remote.RemoteWebDriver.execute(RemoteWebDriver.java:601)at org.openqa.selenium.remote.RemoteWebDriver.findElements(RemoteWebDriver.java:398)at org.openqa.selenium.remote.RemoteWebDriver.findElementsByLinkText(RemoteWebDriver.java:429)at org.openqa.selenium.By$ByLinkText.findElements(By.java:241)at org.openqa.selenium.remote.RemoteWebDriver.findElements(RemoteWebDriver.java:359)at fusion.library.framework.SeleniumLibrary.getWebElementsFromLocatorDetails(SeleniumLibrary.java:1676)at fusion.library.framework.SeleniumLibrary.getWebElements(SeleniumLibrary.java:377)at fusion.library.framework.SeleniumLibrary.isElementExists(SeleniumLibrary.java:906)at fusion.library.framework.SalesforceLibrary.selectLookupValue(SalesforceLibrary.java:141)at fusion.library.framework.SalesforceLibrary.selectLookupValue(SalesforceLibrary.java:98)at fusion.library.application.CRMLibrary.fillFormDetails(CRMLibrary.java:332)at fusion.library.application.CRMLibrary.createNewRecord(CRMLibrary.java:173)at fusion.library.application.CRMLibrary.createNewRecord(CRMLibrary.java:92)at fusion.regression.crm.benefitverification.BenefitVerificationRegression01.benefitVerificationRegression01(BenefitVerificationRegression01.java:33)at sun.reflect.NativeMethodAccessorImpl.invoke0(Native Method)at sun.reflect.NativeMethodAccessorImpl.invoke(Unknown Source)at sun.reflect.DelegatingMethodAccessorImpl.invoke(Unknown Source)at java.lang.reflect.Method.invoke(Unknown Source)at org.testng.internal.MethodInvocationHelper.invokeMethod(MethodInvocationHelper.java:124)at org.testng.internal.Invoker.invokeMethod(Invoker.java:571)at org.testng.internal.Invoker.invokeTestMethod(Invoker.java:707)at org.testng.internal.Invoker.invokeTestMethods(Invoker.java:979)at org.testng.internal.TestMethodWorker.invokeTestMethods(TestMethodWorker.java:125)at org.testng.internal.TestMethodWorker.run(TestMethodWorker.java:109)at org.testng.TestRunner.privateRun(TestRunner.java:648)at org.testng.TestRunner.run(TestRunner.java:505)at org.testng.SuiteRunner.runTest(SuiteRunner.java:455)at org.testng.SuiteRunner.runSequentially(SuiteRunner.java:450)at org.testng.SuiteRunner.privateRun(SuiteRunner.java:415)at org.testng.SuiteRunner.run(SuiteRunner.java:364)at org.testng.SuiteRunnerWorker.runSuite(SuiteRunnerWorker.java:52)at org.testng.SuiteRunnerWorker.run(SuiteRunnerWorker.java:84)at org.testng.TestNG.runSuitesSequentially(TestNG.java:1187)at org.testng.TestNG.runSuitesLocally(TestNG.java:1116)at org.testng.TestNG.runSuites(TestNG.java:1028)at org.testng.TestNG.run(TestNG.java:996)at org.testng.remote.AbstractRemoteTestNG.run(AbstractRemoteTestNG.java:132)at org.testng.remote.RemoteTestNG.initAndRun(RemoteTestNG.java:236)at org.testng.remote.RemoteTestNG.main(RemoteTestNG.java:81)]]>
            </full-stacktrace>
          </exception> <!-- org.openqa.selenium.WebDriverException -->
          <reporter-output>
            <line>
              <![CDATA[Object: Cases]]>
            </line>
            <line>
              <![CDATA[Record Type: Benefits Verification]]>
            </line>
            <line>
              <![CDATA[Case Sub-Type: New BV]]>
            </line>
          </reporter-output>
        </test-method> <!-- benefitVerificationRegression01 -->
        <test-method status="PASS" signature="closeMethod(org.testng.ITestResult)[pri:0, instance:fusion.regression.crm.benefitverification.BenefitVerificationRegression01@1552920]" name="closeMethod" is-config="true" duration-ms="1049" started-at="2018-02-15T05:56:41Z" finished-at="2018-02-15T05:56:42Z">
          <params>
            <param index="0">
              <value>
                <![CDATA[[TestResult name=benefitVerificationRegression01 status=FAILURE method=BenefitVerificationRegression01.benefitVerificationRegression01(java.lang.String, java.lang.String, java.lang.String, java.lang.String, java.lang.String, java.lang.String, java.lang.String, java.lang.String, java.lang.String, java.lang.String, java.lang.String, java.lang.String, java.lang.String, java.lang.String)[pri:0, instance:fusion.regression.crm.benefitverification.BenefitVerificationRegression01@1552920] output=Object: Cases]]]>
              </value>
            </param>
          </params>
          <reporter-output>
          </reporter-output>
        </test-method> <!-- closeMethod -->
        <test-method status="PASS" signature="setUpMethod(java.lang.reflect.Method)[pri:0, instance:fusion.regression.crm.benefitverification.BenefitVerificationRegression01@1552920]" name="setUpMethod" is-config="true" duration-ms="4491" started-at="2018-02-15T05:56:42Z" finished-at="2018-02-15T05:56:47Z">
          <params>
            <param index="0">
              <value>
                <![CDATA[public void fusion.regression.crm.benefitverification.BenefitVerificationRegression01.benefitVerificationRegression01(java.lang.String,java.lang.String,java.lang.String,java.lang.String,java.lang.String,java.lang.String,java.lang.String,java.lang.String,java.lang.String,java.lang.String,java.lang.String,java.lang.String,java.lang.String,java.lang.String)]]>
              </value>
            </param>
          </params>
          <reporter-output>
          </reporter-output>
        </test-method> <!-- setUpMethod -->
        <test-method status="FAIL" signature="benefitVerificationRegression01(java.lang.String, java.lang.String, java.lang.String, java.lang.String, java.lang.String, java.lang.String, java.lang.String, java.lang.String, java.lang.String, java.lang.String, java.lang.String, java.lang.String, java.lang.String, java.lang.String)[pri:0, instance:fusion.regression.crm.benefitverification.BenefitVerificationRegression01@1552920]" name="benefitVerificationRegression01" duration-ms="75775" started-at="2018-02-15T05:56:47Z" data-provider="dataLoader" finished-at="2018-02-15T05:58:03Z">
          <params>
            <param index="0">
              <value>
                <![CDATA[Gry2HvUlSOo=7GVm4GGXqSCeNmdMRlrGKnU3z9g44saK3VF3JhKZdH0FbbqSwAFUgoGAceg=]]>
              </value>
            </param>
            <param index="1">
              <value>
                <![CDATA[lfA7OL0SpQU=rGJB2vyeQ1c=]]>
              </value>
            </param>
            <param index="2">
              <value>
                <![CDATA[{"RecordDetails":[{"SectionName":"","FieldLabel":"Record Type", "FieldType":"Label", "TestData":"Benefits Verification"}, {"SectionName":"","FieldLabel":"Case Sub-Type", "FieldType":"Picklist", "TestData":"New BV"}, {"SectionName":"","FieldLabel":"Source", "FieldType":"Picklist", "TestData":"Patient"},{"SectionName":"","FieldLabel":"Status","FieldType":"Picklist","TestData":"In Progress"}, {"SectionName":"","FieldLabel":"Method of Intake", "FieldType":"Picklist", "TestData":"Fax"}, {"SectionName":"","FieldLabel":"Patient", "FieldType":"Lookup", "TestData":"Automation Clovis AA"}, {"SectionName":"","FieldLabel":"Provider Site Relationship", "FieldType":"Lookup", "TestData":"Automation Clovis Provider AA : Automation Clovis Site AA"}, {"SectionName":"","FieldLabel":"Program", "FieldType":"Lookup", "TestData":"Rubraca Connections"}, {"SectionName":"","FieldLabel":"Brand", "FieldType":"Lookup", "TestData":" RUBRACA"},{"SectionName":"","FieldLabel":"Product","FieldType":"Lookup","TestData":"RUBRACA 200 MG TAB 60"},{"SectionName":"","FieldLabel":"Diagnosis Code 1","FieldType":"Lookup","TestData":"20310"}]}]]>
              </value>
            </param>
            <param index="3">
              <value>
                <![CDATA[{"RecordDetails":[{"SectionName":"","FieldLabel":"Eligibility Check Type", "FieldType":"Picklist", "TestData":"Medicare"}]}]]>
              </value>
            </param>
            <param index="4">
              <value>
                <![CDATA[{"RecordDetails":[]}]]>
              </value>
            </param>
            <param index="5">
              <value>
                <![CDATA[{"RecordDetails":[]}]]>
              </value>
            </param>
            <param index="6">
              <value>
                <![CDATA[{"RecordDetails":[{"SectionName":"","FieldLabel":"Record Type","FieldType":"Label","TestData":"Medical Benefits Profile"},{"SectionName":"","FieldLabel":"Payer Ability to Disclose Benefits","FieldType":"Picklist","TestData":"No Restrictions"},{"SectionName":"","FieldLabel":"Sub Type","FieldType":"Picklist","TestData":"AOB"},{"SectionName":"","FieldLabel":"Outcome","FieldType":"Picklist","TestData":"Covered"},{"SectionName":"","FieldLabel":"Outcome Reason","FieldType":"Picklist","TestData":"No restriction"},{"SectionName":"","FieldLabel":"PA Required?","FieldType":"Picklist","TestData":"Yes"},{"SectionName":"","FieldLabel":"Exception type","FieldType":"Picklist","TestData":"Formulary Exception"},{"SectionName":"","FieldLabel":"PA On File?","FieldType":"Picklist","TestData":"No"},{"SectionName":"","FieldLabel":"Yes","FieldType":"Button","TestData":"Click"},{"SectionName":"","FieldLabel":"Lifetime Maximum Amount Met","FieldType":"TextBox","TestData":"100"},{"SectionName":"","FieldLabel":"Benefit Cap Amount","FieldType":"TextBox","TestData":"100"},{"SectionName":"","FieldLabel":"Benefit Cap Amount Met","FieldType":"TextBox","TestData":"100"},{"SectionName":"","FieldLabel":"Individual Deductible","FieldType":"TextBox","TestData":"100"},{"SectionName":"","FieldLabel":"Individual Deductible Amount Met","FieldType":"TextBox","TestData":"100"},{"SectionName":"","FieldLabel":"Lifetime Maximum Amount","FieldType":"TextBox","TestData":"100"},{"SectionName":"","FieldLabel":"Family Out-of-Pocket","FieldType":"TextBox","TestData":"100"},{"SectionName":"","FieldLabel":"Family Out-of-Pocket Amount Met","FieldType":"TextBox","TestData":"100"},{"SectionName":"","FieldLabel":"Individual Out-of-Pocket","FieldType":"TextBox","TestData":"100"},{"SectionName":"","FieldLabel":"Individual Out-of-Pocket Amount Met","FieldType":"TextBox","TestData":"100"},{"SectionName":"","FieldLabel":"Family Deductible","FieldType":"TextBox","TestData":"100"},{"SectionName":"","FieldLabel":"Family Deductible Amount Met","FieldType":"TextBox","TestData":"100"},{"SectionName":"","FieldLabel":"Pre-Existing Condition Date","FieldType":"TextBox","TestData":"GetDateTime"}]}]]>
              </value>
            </param>
            <param index="7">
              <value>
                <![CDATA[{"RecordDetails":[{"SectionName":"","FieldLabel":"Record Type","FieldType":"Label","TestData":"Pharmacy Benefits Profile"},{"SectionName":"","FieldLabel":"Payer Ability to Disclose Benefits","FieldType":"Picklist","TestData":"No Restrictions"},{"SectionName":"","FieldLabel":"Sub Type","FieldType":"Picklist","TestData":"Retail"},{"SectionName":"","FieldLabel":"Pre-Existing Condition","FieldType":"Label","TestData":"No"},{"SectionName":"","FieldLabel":"Outcome","FieldType":"Picklist","TestData":"Covered"},{"SectionName":"","FieldLabel":"Outcome Reason","FieldType":"Picklist","TestData":"Exception Required"},{"SectionName":"","FieldLabel":"PA Required?","FieldType":"Picklist","TestData":"Yes"},{"SectionName":"","FieldLabel":"Tier Lowering?","FieldType":"Picklist","TestData":"Yes"},{"SectionName":"","FieldLabel":"Tier Lowering Process","FieldType":"TextBox","TestData":"Automation Clovis AA"},{"SectionName":"","FieldLabel":"Yes","FieldType":"Button","TestData":"Click"},{"SectionName":"","FieldLabel":"Individual Deductible","FieldType":"TextBox","TestData":"100"},{"SectionName":"","FieldLabel":"Individual Deductible Amount Met","FieldType":"TextBox","TestData":"100"},{"SectionName":"","FieldLabel":"Individual Out-of-Pocket","FieldType":"TextBox","TestData":"100"},{"SectionName":"","FieldLabel":"Individual Out-of-Pocket Amount Met","FieldType":"TextBox","TestData":"100"},{"SectionName":"","FieldLabel":"Family Deductible","FieldType":"TextBox","TestData":"100"},{"SectionName":"","FieldLabel":"Family Deductible Amount Met","FieldType":"TextBox","TestData":"100"},{"SectionName":"","FieldLabel":"Family Out-of-Pocket","FieldType":"TextBox","TestData":"100"},{"SectionName":"","FieldLabel":"Family Out-of-Pocket Amount Met","FieldType":"TextBox","TestData":"100"},{"SectionName":"","FieldLabel":"Drug Cap Amount","FieldType":"TextBox","TestData":"100"},{"SectionName":"","FieldLabel":"Drug Cap Amount Met","FieldType":"TextBox","TestData":"100"},{"SectionName":"","FieldLabel":"Pharmacy Cap Amount","FieldType":"TextBox","TestData":"100"},{"SectionName":"","FieldLabel":"Pharmacy Cap Amount Met","FieldType":"TextBox","TestData":"100"}]}]]>
              </value>
            </param>
            <param index="8">
              <value>
                <![CDATA[{"RecordDetails":[{"SectionName":"","FieldLabel":"Record Type","FieldType":"Label","TestData":"Triage"},{"SectionName":"","FieldLabel":"Prescription","FieldType":"Lookup","TestData":"A645587618"},{"SectionName":"","FieldLabel":"Program","FieldType":"Lookup","TestData":"Rubraca Connections"},{"SectionName":"","FieldLabel":"Brand","FieldType":"Lookup","TestData":" RUBRACA"},{"SectionName":"","FieldLabel":"Prescription Document","FieldType":"Lookup","TestData":"AT Prescription Document"},{"SectionName":"","FieldLabel":"Product Type","FieldType":"Picklist","TestData":"Initial Product Fill"}]}]]>
              </value>
            </param>
            <param index="9">
              <value>
                <![CDATA[{"RecordDetails":[{"SectionName":"","FieldLabel":"Name","FieldType":"TextArea","TestData":"Blurb 2"}]}]]>
              </value>
            </param>
            <param index="10">
              <value>
                <![CDATA[{"RecordDetails":[{"SectionName":"","FieldLabel":"Record Type","FieldType":"Label","TestData":"Follow Up 3 Step"}, {"SectionName":"","FieldLabel":"Audience","FieldType":"Picklist","TestData":"Patient"}, {"SectionName":"","FieldLabel":"Patient","FieldType":"Lookup","TestData":"Automation Clovis AA"}, {"SectionName":"","FieldLabel":"Program","FieldType":"Lookup","TestData":"Rubraca Connections"}, {"SectionName":"","FieldLabel":"Case Sub-Type","FieldType":"Picklist","TestData":"New Rx Needed"}, {"SectionName":"","FieldLabel":"Brand","FieldType":"Lookup","TestData":" RUBRACA"}]}]]>
              </value>
            </param>
            <param index="11">
              <value>
                <![CDATA[{"RecordDetails":[{"SectionName":"","FieldLabel":"Due Date","FieldType":"TextBox","TestData":"GetDate"}, {"SectionName":"","FieldLabel":"Number of Attempts","FieldType":"TextBox","TestData":"3"}]}]]>
              </value>
            </param>
            <param index="12">
              <value>
                <![CDATA[{"RecordDetails":[{"SectionName":"","FieldLabel":"Overall Outcome","FieldType":"Picklist","TestData":"Covered"},{"SectionName":"","FieldLabel":"Overall Outcome Reason","FieldType":"Picklist","TestData":"Exception Required"},{"SectionName":"","FieldLabel":"Status","FieldType":"Picklist","TestData":"Completed"}]}]]>
              </value>
            </param>
            <param index="13">
              <value>
                <![CDATA[{"RecordDetails":[{"SectionName":"","FieldLabel":"Proceed With BV","FieldType":"CheckBox","TestData":"Checked"}]}]]>
              </value>
            </param>
          </params>
          <exception class="org.openqa.selenium.WebDriverException">
            <message>
              <![CDATA[unknown error: unhandled inspector error: {"code":-32000,"message":"Cannot find context with specified id"}  (Session info: chrome=64.0.3282.140)  (Driver info: chromedriver=2.34.522940 (1a76f96f66e3ca7b8e57d503b4dd3bccfba87af1),platform=Windows NT 6.1.7601 SP1 x86_64) (WARNING: The server did not provide any stacktrace information)Command duration or timeout: 0 millisecondsBuild info: version: '3.8.1', revision: '6e95a6684b', time: '2017-12-01T18:33:54.468Z'System info: host: 'CLTXDFUS7130', ip: '10.214.201.13', os.name: 'Windows 7', os.arch: 'x86', os.version: '6.1', java.version: '1.8.0_101'Driver info: org.openqa.selenium.chrome.ChromeDriverCapabilities {acceptSslCerts: true, applicationCacheEnabled: false, browserConnectionEnabled: false, browserName: chrome, chrome: {chromedriverVersion: 2.34.522940 (1a76f96f66e3ca..., userDataDir: C:\Users\V423137\AppData\Lo...}, cssSelectorsEnabled: true, databaseEnabled: false, handlesAlerts: true, hasTouchScreen: false, javascriptEnabled: true, locationContextEnabled: true, mobileEmulationEnabled: false, nativeEvents: true, networkConnectionEnabled: false, pageLoadStrategy: normal, platform: XP, platformName: XP, rotatable: false, setWindowRect: true, takesHeapSnapshot: true, takesScreenshot: true, unexpectedAlertBehaviour: , unhandledPromptBehavior: , version: 64.0.3282.140, webStorageEnabled: true}Session ID: 431802302fd4731456b15ed78d93bb30*** Element info: {Using=xpath, value=//div[@class='messageText']}]]>
            </message>
            <full-stacktrace>
              <![CDATA[org.openqa.selenium.WebDriverException: unknown error: unhandled inspector error: {"code":-32000,"message":"Cannot find context with specified id"}  (Session info: chrome=64.0.3282.140)  (Driver info: chromedriver=2.34.522940 (1a76f96f66e3ca7b8e57d503b4dd3bccfba87af1),platform=Windows NT 6.1.7601 SP1 x86_64) (WARNING: The server did not provide any stacktrace information)Command duration or timeout: 0 millisecondsBuild info: version: '3.8.1', revision: '6e95a6684b', time: '2017-12-01T18:33:54.468Z'System info: host: 'CLTXDFUS7130', ip: '10.214.201.13', os.name: 'Windows 7', os.arch: 'x86', os.version: '6.1', java.version: '1.8.0_101'Driver info: org.openqa.selenium.chrome.ChromeDriverCapabilities {acceptSslCerts: true, applicationCacheEnabled: false, browserConnectionEnabled: false, browserName: chrome, chrome: {chromedriverVersion: 2.34.522940 (1a76f96f66e3ca..., userDataDir: C:\Users\V423137\AppData\Lo...}, cssSelectorsEnabled: true, databaseEnabled: false, handlesAlerts: true, hasTouchScreen: false, javascriptEnabled: true, locationContextEnabled: true, mobileEmulationEnabled: false, nativeEvents: true, networkConnectionEnabled: false, pageLoadStrategy: normal, platform: XP, platformName: XP, rotatable: false, setWindowRect: true, takesHeapSnapshot: true, takesScreenshot: true, unexpectedAlertBehaviour: , unhandledPromptBehavior: , version: 64.0.3282.140, webStorageEnabled: true}Session ID: 431802302fd4731456b15ed78d93bb30*** Element info: {Using=xpath, value=//div[@class='messageText']}at sun.reflect.NativeConstructorAccessorImpl.newInstance0(Native Method)at sun.reflect.NativeConstructorAccessorImpl.newInstance(Unknown Source)at sun.reflect.DelegatingConstructorAccessorImpl.newInstance(Unknown Source)at java.lang.reflect.Constructor.newInstance(Unknown Source)at org.openqa.selenium.remote.ErrorHandler.createThrowable(ErrorHandler.java:214)at org.openqa.selenium.remote.ErrorHandler.throwIfResponseFailed(ErrorHandler.java:166)at org.openqa.selenium.remote.http.JsonHttpResponseCodec.reconstructValue(JsonHttpResponseCodec.java:40)at org.openqa.selenium.remote.http.AbstractHttpResponseCodec.decode(AbstractHttpResponseCodec.java:80)at org.openqa.selenium.remote.http.AbstractHttpResponseCodec.decode(AbstractHttpResponseCodec.java:44)at org.openqa.selenium.remote.HttpCommandExecutor.execute(HttpCommandExecutor.java:164)at org.openqa.selenium.remote.service.DriverCommandExecutor.execute(DriverCommandExecutor.java:83)at org.openqa.selenium.remote.RemoteWebDriver.execute(RemoteWebDriver.java:601)at org.openqa.selenium.remote.RemoteWebDriver.findElements(RemoteWebDriver.java:398)at org.openqa.selenium.remote.RemoteWebDriver.findElementsByXPath(RemoteWebDriver.java:477)at org.openqa.selenium.By$ByXPath.findElements(By.java:356)at org.openqa.selenium.remote.RemoteWebDriver.findElements(RemoteWebDriver.java:359)at fusion.library.framework.SeleniumLibrary.getWebElementsFromLocatorDetails(SeleniumLibrary.java:1676)at fusion.library.framework.SeleniumLibrary.getWebElements(SeleniumLibrary.java:377)at fusion.library.framework.SeleniumLibrary.isElementExists(SeleniumLibrary.java:906)at fusion.library.application.CRMLibrary.createNewRecord(CRMLibrary.java:183)at fusion.library.application.CRMLibrary.createNewRecord(CRMLibrary.java:92)at fusion.regression.crm.benefitverification.BenefitVerificationRegression01.benefitVerificationRegression01(BenefitVerificationRegression01.java:33)at sun.reflect.NativeMethodAccessorImpl.invoke0(Native Method)at sun.reflect.NativeMethodAccessorImpl.invoke(Unknown Source)at sun.reflect.DelegatingMethodAccessorImpl.invoke(Unknown Source)at java.lang.reflect.Method.invoke(Unknown Source)at org.testng.internal.MethodInvocationHelper.invokeMethod(MethodInvocationHelper.java:124)at org.testng.internal.Invoker.invokeMethod(Invoker.java:571)at org.testng.internal.Invoker.invokeTestMethod(Invoker.java:707)at org.testng.internal.Invoker.invokeTestMethods(Invoker.java:979)at org.testng.internal.TestMethodWorker.invokeTestMethods(TestMethodWorker.java:125)at org.testng.internal.TestMethodWorker.run(TestMethodWorker.java:109)at org.testng.TestRunner.privateRun(TestRunner.java:648)at org.testng.TestRunner.run(TestRunner.java:505)at org.testng.SuiteRunner.runTest(SuiteRunner.java:455)at org.testng.SuiteRunner.runSequentially(SuiteRunner.java:450)at org.testng.SuiteRunner.privateRun(SuiteRunner.java:415)at org.testng.SuiteRunner.run(SuiteRunner.java:364)at org.testng.SuiteRunnerWorker.runSuite(SuiteRunnerWorker.java:52)at org.testng.SuiteRunnerWorker.run(SuiteRunnerWorker.java:84)at org.testng.TestNG.runSuitesSequentially(TestNG.java:1187)at org.testng.TestNG.runSuitesLocally(TestNG.java:1116)at org.testng.TestNG.runSuites(TestNG.java:1028)at org.testng.TestNG.run(TestNG.java:996)at org.testng.remote.AbstractRemoteTestNG.run(AbstractRemoteTestNG.java:132)at org.testng.remote.RemoteTestNG.initAndRun(RemoteTestNG.java:236)at org.testng.remote.RemoteTestNG.main(RemoteTestNG.java:81)]]>
            </full-stacktrace>
          </exception> <!-- org.openqa.selenium.WebDriverException -->
          <reporter-output>
            <line>
              <![CDATA[Object: Cases]]>
            </line>
            <line>
              <![CDATA[Record Type: Benefits Verification]]>
            </line>
            <line>
              <![CDATA[Case Sub-Type: New BV]]>
            </line>
          </reporter-output>
        </test-method> <!-- benefitVerificationRegression01 -->
        <test-method status="PASS" signature="closeMethod(org.testng.ITestResult)[pri:0, instance:fusion.regression.crm.benefitverification.BenefitVerificationRegression01@1552920]" name="closeMethod" is-config="true" duration-ms="1100" started-at="2018-02-15T05:58:03Z" finished-at="2018-02-15T05:58:04Z">
          <params>
            <param index="0">
              <value>
                <![CDATA[[TestResult name=benefitVerificationRegression01 status=FAILURE method=BenefitVerificationRegression01.benefitVerificationRegression01(java.lang.String, java.lang.String, java.lang.String, java.lang.String, java.lang.String, java.lang.String, java.lang.String, java.lang.String, java.lang.String, java.lang.String, java.lang.String, java.lang.String, java.lang.String, java.lang.String)[pri:0, instance:fusion.regression.crm.benefitverification.BenefitVerificationRegression01@1552920] output=Object: Cases]]]>
              </value>
            </param>
          </params>
          <reporter-output>
          </reporter-output>
        </test-method> <!-- closeMethod -->
        <test-method status="PASS" signature="setUpMethod(java.lang.reflect.Method)[pri:0, instance:fusion.regression.crm.benefitverification.BenefitVerificationRegression01@1552920]" name="setUpMethod" is-config="true" duration-ms="4254" started-at="2018-02-15T05:58:04Z" finished-at="2018-02-15T05:58:08Z">
          <params>
            <param index="0">
              <value>
                <![CDATA[public void fusion.regression.crm.benefitverification.BenefitVerificationRegression01.benefitVerificationRegression01(java.lang.String,java.lang.String,java.lang.String,java.lang.String,java.lang.String,java.lang.String,java.lang.String,java.lang.String,java.lang.String,java.lang.String,java.lang.String,java.lang.String,java.lang.String,java.lang.String)]]>
              </value>
            </param>
          </params>
          <reporter-output>
          </reporter-output>
        </test-method> <!-- setUpMethod -->
        <test-method status="FAIL" signature="benefitVerificationRegression01(java.lang.String, java.lang.String, java.lang.String, java.lang.String, java.lang.String, java.lang.String, java.lang.String, java.lang.String, java.lang.String, java.lang.String, java.lang.String, java.lang.String, java.lang.String, java.lang.String)[pri:0, instance:fusion.regression.crm.benefitverification.BenefitVerificationRegression01@1552920]" name="benefitVerificationRegression01" duration-ms="77397" started-at="2018-02-15T05:58:08Z" data-provider="dataLoader" finished-at="2018-02-15T05:59:25Z">
          <params>
            <param index="0">
              <value>
                <![CDATA[btfyUvDsryo=lW811bsi7VhzBnGbdCSmgRNkYRO9c4xYnaivSJcfne4qRGxojOKOh1diOlE=]]>
              </value>
            </param>
            <param index="1">
              <value>
                <![CDATA[vAEQ1ZdHk04=3RNGMY+xwGY=]]>
              </value>
            </param>
            <param index="2">
              <value>
                <![CDATA[{"RecordDetails":[{"SectionName":"","FieldLabel":"Record Type", "FieldType":"Label", "TestData":"Benefits Verification"}, {"SectionName":"","FieldLabel":"Case Sub-Type", "FieldType":"Picklist", "TestData":"New BV"}, {"SectionName":"","FieldLabel":"Source", "FieldType":"Picklist", "TestData":"Patient"},{"SectionName":"","FieldLabel":"Status","FieldType":"Picklist","TestData":"In Progress"}, {"SectionName":"","FieldLabel":"Method of Intake", "FieldType":"Picklist", "TestData":"Fax"}, {"SectionName":"","FieldLabel":"Patient", "FieldType":"Lookup", "TestData":"Automation Clovis AA"}, {"SectionName":"","FieldLabel":"Provider Site Relationship", "FieldType":"Lookup", "TestData":"Automation Clovis Provider AA : Automation Clovis Site AA"}, {"SectionName":"","FieldLabel":"Program", "FieldType":"Lookup", "TestData":"Rubraca Connections"}, {"SectionName":"","FieldLabel":"Brand", "FieldType":"Lookup", "TestData":" RUBRACA"},{"SectionName":"","FieldLabel":"Product","FieldType":"Lookup","TestData":"RUBRACA 200 MG TAB 60"},{"SectionName":"","FieldLabel":"Diagnosis Code 1","FieldType":"Lookup","TestData":"20310"}]}]]>
              </value>
            </param>
            <param index="3">
              <value>
                <![CDATA[{"RecordDetails":[{"SectionName":"","FieldLabel":"Eligibility Check Type", "FieldType":"Picklist", "TestData":"Medicare"}]}]]>
              </value>
            </param>
            <param index="4">
              <value>
                <![CDATA[{"RecordDetails":[]}]]>
              </value>
            </param>
            <param index="5">
              <value>
                <![CDATA[{"RecordDetails":[]}]]>
              </value>
            </param>
            <param index="6">
              <value>
                <![CDATA[{"RecordDetails":[{"SectionName":"","FieldLabel":"Record Type","FieldType":"Label","TestData":"Medical Benefits Profile"},{"SectionName":"","FieldLabel":"Payer Ability to Disclose Benefits","FieldType":"Picklist","TestData":"No Restrictions"},{"SectionName":"","FieldLabel":"Sub Type","FieldType":"Picklist","TestData":"AOB"},{"SectionName":"","FieldLabel":"Outcome","FieldType":"Picklist","TestData":"Covered"},{"SectionName":"","FieldLabel":"Outcome Reason","FieldType":"Picklist","TestData":"Coverage subject to spend down"},{"SectionName":"","FieldLabel":"PA Required?","FieldType":"Picklist","TestData":"Yes"},{"SectionName":"","FieldLabel":"Exception type","FieldType":"Picklist","TestData":"Formulary Exception"},{"SectionName":"","FieldLabel":"PA On File?","FieldType":"Picklist","TestData":"No"},{"SectionName":"","FieldLabel":"Yes","FieldType":"Button","TestData":"Click"},{"SectionName":"","FieldLabel":"Lifetime Maximum Amount Met","FieldType":"TextBox","TestData":"100"},{"SectionName":"","FieldLabel":"Benefit Cap Amount","FieldType":"TextBox","TestData":"100"},{"SectionName":"","FieldLabel":"Benefit Cap Amount Met","FieldType":"TextBox","TestData":"100"},{"SectionName":"","FieldLabel":"Individual Deductible","FieldType":"TextBox","TestData":"100"},{"SectionName":"","FieldLabel":"Individual Deductible Amount Met","FieldType":"TextBox","TestData":"100"},{"SectionName":"","FieldLabel":"Lifetime Maximum Amount","FieldType":"TextBox","TestData":"100"},{"SectionName":"","FieldLabel":"Family Out-of-Pocket","FieldType":"TextBox","TestData":"100"},{"SectionName":"","FieldLabel":"Family Out-of-Pocket Amount Met","FieldType":"TextBox","TestData":"100"},{"SectionName":"","FieldLabel":"Individual Out-of-Pocket","FieldType":"TextBox","TestData":"100"},{"SectionName":"","FieldLabel":"Individual Out-of-Pocket Amount Met","FieldType":"TextBox","TestData":"100"},{"SectionName":"","FieldLabel":"Family Deductible","FieldType":"TextBox","TestData":"100"},{"SectionName":"","FieldLabel":"Family Deductible Amount Met","FieldType":"TextBox","TestData":"100"},{"SectionName":"","FieldLabel":"Pre-Existing Condition Date","FieldType":"TextBox","TestData":"GetDateTime"}]}]]>
              </value>
            </param>
            <param index="7">
              <value>
                <![CDATA[{"RecordDetails":[{"SectionName":"","FieldLabel":"Record Type","FieldType":"Label","TestData":"Pharmacy Benefits Profile"},{"SectionName":"","FieldLabel":"Payer Ability to Disclose Benefits","FieldType":"Picklist","TestData":"No Restrictions"},{"SectionName":"","FieldLabel":"Sub Type","FieldType":"Picklist","TestData":"Retail"},{"SectionName":"","FieldLabel":"Pre-Existing Condition","FieldType":"Label","TestData":"No"},{"SectionName":"","FieldLabel":"Outcome","FieldType":"Picklist","TestData":"Covered"},{"SectionName":"","FieldLabel":"Outcome Reason","FieldType":"Picklist","TestData":"Exception Required"},{"SectionName":"","FieldLabel":"PA Required?","FieldType":"Picklist","TestData":"Yes"},{"SectionName":"","FieldLabel":"Tier Lowering?","FieldType":"Picklist","TestData":"Yes"},{"SectionName":"","FieldLabel":"Tier Lowering Process","FieldType":"TextBox","TestData":"Automation Clovis AA"},{"SectionName":"","FieldLabel":"Yes","FieldType":"Button","TestData":"Click"},{"SectionName":"","FieldLabel":"Individual Deductible","FieldType":"TextBox","TestData":"100"},{"SectionName":"","FieldLabel":"Individual Deductible Amount Met","FieldType":"TextBox","TestData":"100"},{"SectionName":"","FieldLabel":"Individual Out-of-Pocket","FieldType":"TextBox","TestData":"100"},{"SectionName":"","FieldLabel":"Individual Out-of-Pocket Amount Met","FieldType":"TextBox","TestData":"100"},{"SectionName":"","FieldLabel":"Family Deductible","FieldType":"TextBox","TestData":"100"},{"SectionName":"","FieldLabel":"Family Deductible Amount Met","FieldType":"TextBox","TestData":"100"},{"SectionName":"","FieldLabel":"Family Out-of-Pocket","FieldType":"TextBox","TestData":"100"},{"SectionName":"","FieldLabel":"Family Out-of-Pocket Amount Met","FieldType":"TextBox","TestData":"100"},{"SectionName":"","FieldLabel":"Drug Cap Amount","FieldType":"TextBox","TestData":"100"},{"SectionName":"","FieldLabel":"Drug Cap Amount Met","FieldType":"TextBox","TestData":"100"},{"SectionName":"","FieldLabel":"Pharmacy Cap Amount","FieldType":"TextBox","TestData":"100"},{"SectionName":"","FieldLabel":"Pharmacy Cap Amount Met","FieldType":"TextBox","TestData":"100"}]}]]>
              </value>
            </param>
            <param index="8">
              <value>
                <![CDATA[{"RecordDetails":[{"SectionName":"","FieldLabel":"Record Type","FieldType":"Label","TestData":"Triage"},{"SectionName":"","FieldLabel":"Prescription","FieldType":"Lookup","TestData":"A645587618"},{"SectionName":"","FieldLabel":"Program","FieldType":"Lookup","TestData":"Rubraca Connections"},{"SectionName":"","FieldLabel":"Brand","FieldType":"Lookup","TestData":" RUBRACA"},{"SectionName":"","FieldLabel":"Prescription Document","FieldType":"Lookup","TestData":"AT Prescription Document"},{"SectionName":"","FieldLabel":"Product Type","FieldType":"Picklist","TestData":"Initial Product Fill"}]}]]>
              </value>
            </param>
            <param index="9">
              <value>
                <![CDATA[{"RecordDetails":[{"SectionName":"","FieldLabel":"Name","FieldType":"TextArea","TestData":"Blurb 2"}]}]]>
              </value>
            </param>
            <param index="10">
              <value>
                <![CDATA[{"RecordDetails":[{"SectionName":"","FieldLabel":"Record Type","FieldType":"Label","TestData":"Follow Up 3 Step"}, {"SectionName":"","FieldLabel":"Audience","FieldType":"Picklist","TestData":"Patient"}, {"SectionName":"","FieldLabel":"Patient","FieldType":"Lookup","TestData":"Automation Clovis AA"}, {"SectionName":"","FieldLabel":"Program","FieldType":"Lookup","TestData":"Rubraca Connections"}, {"SectionName":"","FieldLabel":"Case Sub-Type","FieldType":"Picklist","TestData":"New Rx Needed"}, {"SectionName":"","FieldLabel":"Brand","FieldType":"Lookup","TestData":" RUBRACA"}]}]]>
              </value>
            </param>
            <param index="11">
              <value>
                <![CDATA[{"RecordDetails":[{"SectionName":"","FieldLabel":"Due Date","FieldType":"TextBox","TestData":"GetDate"}, {"SectionName":"","FieldLabel":"Number of Attempts","FieldType":"TextBox","TestData":"3"}]}]]>
              </value>
            </param>
            <param index="12">
              <value>
                <![CDATA[{"RecordDetails":[{"SectionName":"","FieldLabel":"Overall Outcome","FieldType":"Picklist","TestData":"Covered"},{"SectionName":"","FieldLabel":"Overall Outcome Reason","FieldType":"Picklist","TestData":"Exception Required"},{"SectionName":"","FieldLabel":"Status","FieldType":"Picklist","TestData":"Completed"}]}]]>
              </value>
            </param>
            <param index="13">
              <value>
                <![CDATA[{"RecordDetails":[{"SectionName":"","FieldLabel":"Proceed With BV","FieldType":"CheckBox","TestData":"Checked"}]}]]>
              </value>
            </param>
          </params>
          <exception class="org.openqa.selenium.WebDriverException">
            <message>
              <![CDATA[unknown error: unhandled inspector error: {"code":-32000,"message":"Cannot find context with specified id"}  (Session info: chrome=64.0.3282.140)  (Driver info: chromedriver=2.34.522940 (1a76f96f66e3ca7b8e57d503b4dd3bccfba87af1),platform=Windows NT 6.1.7601 SP1 x86_64) (WARNING: The server did not provide any stacktrace information)Command duration or timeout: 0 millisecondsBuild info: version: '3.8.1', revision: '6e95a6684b', time: '2017-12-01T18:33:54.468Z'System info: host: 'CLTXDFUS7130', ip: '10.214.201.13', os.name: 'Windows 7', os.arch: 'x86', os.version: '6.1', java.version: '1.8.0_101'Driver info: org.openqa.selenium.chrome.ChromeDriverCapabilities {acceptSslCerts: true, applicationCacheEnabled: false, browserConnectionEnabled: false, browserName: chrome, chrome: {chromedriverVersion: 2.34.522940 (1a76f96f66e3ca..., userDataDir: C:\Users\V423137\AppData\Lo...}, cssSelectorsEnabled: true, databaseEnabled: false, handlesAlerts: true, hasTouchScreen: false, javascriptEnabled: true, locationContextEnabled: true, mobileEmulationEnabled: false, nativeEvents: true, networkConnectionEnabled: false, pageLoadStrategy: normal, platform: XP, platformName: XP, rotatable: false, setWindowRect: true, takesHeapSnapshot: true, takesScreenshot: true, unexpectedAlertBehaviour: , unhandledPromptBehavior: , version: 64.0.3282.140, webStorageEnabled: true}Session ID: 5cda396f7890cefd772c38dfa98a4ec5*** Element info: {Using=xpath, value=//div[@class='messageText']}]]>
            </message>
            <full-stacktrace>
              <![CDATA[org.openqa.selenium.WebDriverException: unknown error: unhandled inspector error: {"code":-32000,"message":"Cannot find context with specified id"}  (Session info: chrome=64.0.3282.140)  (Driver info: chromedriver=2.34.522940 (1a76f96f66e3ca7b8e57d503b4dd3bccfba87af1),platform=Windows NT 6.1.7601 SP1 x86_64) (WARNING: The server did not provide any stacktrace information)Command duration or timeout: 0 millisecondsBuild info: version: '3.8.1', revision: '6e95a6684b', time: '2017-12-01T18:33:54.468Z'System info: host: 'CLTXDFUS7130', ip: '10.214.201.13', os.name: 'Windows 7', os.arch: 'x86', os.version: '6.1', java.version: '1.8.0_101'Driver info: org.openqa.selenium.chrome.ChromeDriverCapabilities {acceptSslCerts: true, applicationCacheEnabled: false, browserConnectionEnabled: false, browserName: chrome, chrome: {chromedriverVersion: 2.34.522940 (1a76f96f66e3ca..., userDataDir: C:\Users\V423137\AppData\Lo...}, cssSelectorsEnabled: true, databaseEnabled: false, handlesAlerts: true, hasTouchScreen: false, javascriptEnabled: true, locationContextEnabled: true, mobileEmulationEnabled: false, nativeEvents: true, networkConnectionEnabled: false, pageLoadStrategy: normal, platform: XP, platformName: XP, rotatable: false, setWindowRect: true, takesHeapSnapshot: true, takesScreenshot: true, unexpectedAlertBehaviour: , unhandledPromptBehavior: , version: 64.0.3282.140, webStorageEnabled: true}Session ID: 5cda396f7890cefd772c38dfa98a4ec5*** Element info: {Using=xpath, value=//div[@class='messageText']}at sun.reflect.NativeConstructorAccessorImpl.newInstance0(Native Method)at sun.reflect.NativeConstructorAccessorImpl.newInstance(Unknown Source)at sun.reflect.DelegatingConstructorAccessorImpl.newInstance(Unknown Source)at java.lang.reflect.Constructor.newInstance(Unknown Source)at org.openqa.selenium.remote.ErrorHandler.createThrowable(ErrorHandler.java:214)at org.openqa.selenium.remote.ErrorHandler.throwIfResponseFailed(ErrorHandler.java:166)at org.openqa.selenium.remote.http.JsonHttpResponseCodec.reconstructValue(JsonHttpResponseCodec.java:40)at org.openqa.selenium.remote.http.AbstractHttpResponseCodec.decode(AbstractHttpResponseCodec.java:80)at org.openqa.selenium.remote.http.AbstractHttpResponseCodec.decode(AbstractHttpResponseCodec.java:44)at org.openqa.selenium.remote.HttpCommandExecutor.execute(HttpCommandExecutor.java:164)at org.openqa.selenium.remote.service.DriverCommandExecutor.execute(DriverCommandExecutor.java:83)at org.openqa.selenium.remote.RemoteWebDriver.execute(RemoteWebDriver.java:601)at org.openqa.selenium.remote.RemoteWebDriver.findElements(RemoteWebDriver.java:398)at org.openqa.selenium.remote.RemoteWebDriver.findElementsByXPath(RemoteWebDriver.java:477)at org.openqa.selenium.By$ByXPath.findElements(By.java:356)at org.openqa.selenium.remote.RemoteWebDriver.findElements(RemoteWebDriver.java:359)at fusion.library.framework.SeleniumLibrary.getWebElementsFromLocatorDetails(SeleniumLibrary.java:1676)at fusion.library.framework.SeleniumLibrary.getWebElements(SeleniumLibrary.java:377)at fusion.library.framework.SeleniumLibrary.isElementExists(SeleniumLibrary.java:906)at fusion.library.application.CRMLibrary.createNewRecord(CRMLibrary.java:183)at fusion.library.application.CRMLibrary.createNewRecord(CRMLibrary.java:92)at fusion.regression.crm.benefitverification.BenefitVerificationRegression01.benefitVerificationRegression01(BenefitVerificationRegression01.java:33)at sun.reflect.NativeMethodAccessorImpl.invoke0(Native Method)at sun.reflect.NativeMethodAccessorImpl.invoke(Unknown Source)at sun.reflect.DelegatingMethodAccessorImpl.invoke(Unknown Source)at java.lang.reflect.Method.invoke(Unknown Source)at org.testng.internal.MethodInvocationHelper.invokeMethod(MethodInvocationHelper.java:124)at org.testng.internal.Invoker.invokeMethod(Invoker.java:571)at org.testng.internal.Invoker.invokeTestMethod(Invoker.java:707)at org.testng.internal.Invoker.invokeTestMethods(Invoker.java:979)at org.testng.internal.TestMethodWorker.invokeTestMethods(TestMethodWorker.java:125)at org.testng.internal.TestMethodWorker.run(TestMethodWorker.java:109)at org.testng.TestRunner.privateRun(TestRunner.java:648)at org.testng.TestRunner.run(TestRunner.java:505)at org.testng.SuiteRunner.runTest(SuiteRunner.java:455)at org.testng.SuiteRunner.runSequentially(SuiteRunner.java:450)at org.testng.SuiteRunner.privateRun(SuiteRunner.java:415)at org.testng.SuiteRunner.run(SuiteRunner.java:364)at org.testng.SuiteRunnerWorker.runSuite(SuiteRunnerWorker.java:52)at org.testng.SuiteRunnerWorker.run(SuiteRunnerWorker.java:84)at org.testng.TestNG.runSuitesSequentially(TestNG.java:1187)at org.testng.TestNG.runSuitesLocally(TestNG.java:1116)at org.testng.TestNG.runSuites(TestNG.java:1028)at org.testng.TestNG.run(TestNG.java:996)at org.testng.remote.AbstractRemoteTestNG.run(AbstractRemoteTestNG.java:132)at org.testng.remote.RemoteTestNG.initAndRun(RemoteTestNG.java:236)at org.testng.remote.RemoteTestNG.main(RemoteTestNG.java:81)]]>
            </full-stacktrace>
          </exception> <!-- org.openqa.selenium.WebDriverException -->
          <reporter-output>
            <line>
              <![CDATA[Object: Cases]]>
            </line>
            <line>
              <![CDATA[Record Type: Benefits Verification]]>
            </line>
            <line>
              <![CDATA[Case Sub-Type: New BV]]>
            </line>
          </reporter-output>
        </test-method> <!-- benefitVerificationRegression01 -->
        <test-method status="PASS" signature="closeMethod(org.testng.ITestResult)[pri:0, instance:fusion.regression.crm.benefitverification.BenefitVerificationRegression01@1552920]" name="closeMethod" is-config="true" duration-ms="1002" started-at="2018-02-15T05:59:25Z" finished-at="2018-02-15T05:59:26Z">
          <params>
            <param index="0">
              <value>
                <![CDATA[[TestResult name=benefitVerificationRegression01 status=FAILURE method=BenefitVerificationRegression01.benefitVerificationRegression01(java.lang.String, java.lang.String, java.lang.String, java.lang.String, java.lang.String, java.lang.String, java.lang.String, java.lang.String, java.lang.String, java.lang.String, java.lang.String, java.lang.String, java.lang.String, java.lang.String)[pri:0, instance:fusion.regression.crm.benefitverification.BenefitVerificationRegression01@1552920] output=Object: Cases]]]>
              </value>
            </param>
          </params>
          <reporter-output>
          </reporter-output>
        </test-method> <!-- closeMethod -->
        <test-method status="PASS" signature="setUpMethod(java.lang.reflect.Method)[pri:0, instance:fusion.regression.crm.benefitverification.BenefitVerificationRegression01@1552920]" name="setUpMethod" is-config="true" duration-ms="4574" started-at="2018-02-15T05:59:26Z" finished-at="2018-02-15T05:59:31Z">
          <params>
            <param index="0">
              <value>
                <![CDATA[public void fusion.regression.crm.benefitverification.BenefitVerificationRegression01.benefitVerificationRegression01(java.lang.String,java.lang.String,java.lang.String,java.lang.String,java.lang.String,java.lang.String,java.lang.String,java.lang.String,java.lang.String,java.lang.String,java.lang.String,java.lang.String,java.lang.String,java.lang.String)]]>
              </value>
            </param>
          </params>
          <reporter-output>
          </reporter-output>
        </test-method> <!-- setUpMethod -->
        <test-method status="FAIL" signature="benefitVerificationRegression01(java.lang.String, java.lang.String, java.lang.String, java.lang.String, java.lang.String, java.lang.String, java.lang.String, java.lang.String, java.lang.String, java.lang.String, java.lang.String, java.lang.String, java.lang.String, java.lang.String)[pri:0, instance:fusion.regression.crm.benefitverification.BenefitVerificationRegression01@1552920]" name="benefitVerificationRegression01" duration-ms="90987" started-at="2018-02-15T05:59:31Z" data-provider="dataLoader" finished-at="2018-02-15T06:01:02Z">
          <params>
            <param index="0">
              <value>
                <![CDATA[v+KglN/2u0Q=Ij1H+y7PcA6+a4yih3WXaFQbyCTbhBrBQg0luzZkc/N+8np+QHnP5S9azgg=]]>
              </value>
            </param>
            <param index="1">
              <value>
                <![CDATA[L/dMg/WulvY=pw3GVJfiSyg=]]>
              </value>
            </param>
            <param index="2">
              <value>
                <![CDATA[{"RecordDetails":[{"SectionName":"","FieldLabel":"Record Type", "FieldType":"Label", "TestData":"Benefits Verification"}, {"SectionName":"","FieldLabel":"Case Sub-Type", "FieldType":"Picklist", "TestData":"New BV"}, {"SectionName":"","FieldLabel":"Source", "FieldType":"Picklist", "TestData":"Patient"},{"SectionName":"","FieldLabel":"Status","FieldType":"Picklist","TestData":"In Progress"}, {"SectionName":"","FieldLabel":"Method of Intake", "FieldType":"Picklist", "TestData":"Fax"},{"SectionName":"","FieldLabel":"Prescription","FieldType":"Lookup","TestData":"PN-00186"}, {"SectionName":"","FieldLabel":"Patient", "FieldType":"Lookup", "TestData":"Automation Clovis AA"}, {"SectionName":"","FieldLabel":"Provider Site Relationship", "FieldType":"Lookup", "TestData":"Automation Clovis Provider AA : Automation Clovis Site AA"}, {"SectionName":"","FieldLabel":"Program", "FieldType":"Lookup", "TestData":"Rubraca Connections"}, {"SectionName":"","FieldLabel":"Brand", "FieldType":"Lookup", "TestData":" RUBRACA"},{"SectionName":"","FieldLabel":"Product","FieldType":"Lookup","TestData":"RUBRACA 200 MG TAB 60"},{"SectionName":"","FieldLabel":"Patient-Brand","FieldType":"Lookup","TestData":"Automation Clovis AA : RUBRACA"},{"SectionName":"","FieldLabel":"Diagnosis Code 1","FieldType":"Lookup","TestData":"20310"}]}]]>
              </value>
            </param>
            <param index="3">
              <value>
                <![CDATA[{"RecordDetails":[{"SectionName":"","FieldLabel":"Eligibility Check Type", "FieldType":"Picklist", "TestData":"Pharmacy Test Claim"}]}]]>
              </value>
            </param>
            <param index="4">
              <value>
                <![CDATA[{"RecordDetails":[]}]]>
              </value>
            </param>
            <param index="5">
              <value>
                <![CDATA[{"RecordDetails":[]}]]>
              </value>
            </param>
            <param index="6">
              <value>
                <![CDATA[{"RecordDetails":[{"SectionName":"","FieldLabel":"Record Type","FieldType":"Label","TestData":"Medical Benefits Profile"},{"SectionName":"","FieldLabel":"Payer Ability to Disclose Benefits","FieldType":"Picklist","TestData":"No Restrictions"},{"SectionName":"","FieldLabel":"Sub Type","FieldType":"Picklist","TestData":"AOB"},{"SectionName":"","FieldLabel":"Outcome","FieldType":"Picklist","TestData":"Covered"},{"SectionName":"","FieldLabel":"Outcome Reason","FieldType":"Picklist","TestData":"Exception Required"},{"SectionName":"","FieldLabel":"PA Required?","FieldType":"Picklist","TestData":"Yes"},{"SectionName":"","FieldLabel":"Exception type","FieldType":"Picklist","TestData":"Formulary Exception"},{"SectionName":"","FieldLabel":"PA On File?","FieldType":"Picklist","TestData":"No"},{"SectionName":"","FieldLabel":"Yes","FieldType":"Button","TestData":"Click"},{"SectionName":"","FieldLabel":"Lifetime Maximum Amount Met","FieldType":"TextBox","TestData":"100"},{"SectionName":"","FieldLabel":"Benefit Cap Amount","FieldType":"TextBox","TestData":"100"},{"SectionName":"","FieldLabel":"Benefit Cap Amount Met","FieldType":"TextBox","TestData":"100"},{"SectionName":"","FieldLabel":"Individual Deductible","FieldType":"TextBox","TestData":"100"},{"SectionName":"","FieldLabel":"Individual Deductible Amount Met","FieldType":"TextBox","TestData":"100"},{"SectionName":"","FieldLabel":"Lifetime Maximum Amount","FieldType":"TextBox","TestData":"100"},{"SectionName":"","FieldLabel":"Family Out-of-Pocket","FieldType":"TextBox","TestData":"100"},{"SectionName":"","FieldLabel":"Family Out-of-Pocket Amount Met","FieldType":"TextBox","TestData":"100"},{"SectionName":"","FieldLabel":"Individual Out-of-Pocket","FieldType":"TextBox","TestData":"100"},{"SectionName":"","FieldLabel":"Individual Out-of-Pocket Amount Met","FieldType":"TextBox","TestData":"100"},{"SectionName":"","FieldLabel":"Family Deductible","FieldType":"TextBox","TestData":"100"},{"SectionName":"","FieldLabel":"Family Deductible Amount Met","FieldType":"TextBox","TestData":"100"},{"SectionName":"","FieldLabel":"Pre-Existing Condition Date","FieldType":"TextBox","TestData":"GetDateTime"}]}]]>
              </value>
            </param>
            <param index="7">
              <value>
                <![CDATA[{"RecordDetails":[{"SectionName":"","FieldLabel":"Record Type","FieldType":"Label","TestData":"Pharmacy Benefits Profile"},{"SectionName":"","FieldLabel":"Payer Ability to Disclose Benefits","FieldType":"Picklist","TestData":"No Restrictions"},{"SectionName":"","FieldLabel":"Sub Type","FieldType":"Picklist","TestData":"Retail"},{"SectionName":"","FieldLabel":"Pre-Existing Condition","FieldType":"Label","TestData":"No"},{"SectionName":"","FieldLabel":"Outcome","FieldType":"Picklist","TestData":"Covered"},{"SectionName":"","FieldLabel":"Outcome Reason","FieldType":"Picklist","TestData":"Coverage Subject to Ben. Cap"},{"SectionName":"","FieldLabel":"PA Required?","FieldType":"Picklist","TestData":"Yes"},{"SectionName":"","FieldLabel":"Tier Lowering?","FieldType":"Picklist","TestData":"Yes"},{"SectionName":"","FieldLabel":"Tier Lowering Process","FieldType":"TextBox","TestData":"Automation Clovis AA"},{"SectionName":"","FieldLabel":"Yes","FieldType":"Button","TestData":"Click"},{"SectionName":"","FieldLabel":"Individual Deductible","FieldType":"TextBox","TestData":"100"},{"SectionName":"","FieldLabel":"Individual Deductible Amount Met","FieldType":"TextBox","TestData":"100"},{"SectionName":"","FieldLabel":"Individual Out-of-Pocket","FieldType":"TextBox","TestData":"100"},{"SectionName":"","FieldLabel":"Individual Out-of-Pocket Amount Met","FieldType":"TextBox","TestData":"100"},{"SectionName":"","FieldLabel":"Family Deductible","FieldType":"TextBox","TestData":"100"},{"SectionName":"","FieldLabel":"Family Deductible Amount Met","FieldType":"TextBox","TestData":"100"},{"SectionName":"","FieldLabel":"Family Out-of-Pocket","FieldType":"TextBox","TestData":"100"},{"SectionName":"","FieldLabel":"Family Out-of-Pocket Amount Met","FieldType":"TextBox","TestData":"100"},{"SectionName":"","FieldLabel":"Drug Cap Amount","FieldType":"TextBox","TestData":"100"},{"SectionName":"","FieldLabel":"Drug Cap Amount Met","FieldType":"TextBox","TestData":"100"},{"SectionName":"","FieldLabel":"Pharmacy Cap Amount","FieldType":"TextBox","TestData":"100"},{"SectionName":"","FieldLabel":"Pharmacy Cap Amount Met","FieldType":"TextBox","TestData":"100"}]}]]>
              </value>
            </param>
            <param index="8">
              <value>
                <![CDATA[{"RecordDetails":[{"SectionName":"","FieldLabel":"Record Type","FieldType":"Label","TestData":"Triage"},{"SectionName":"","FieldLabel":"Prescription","FieldType":"Lookup","TestData":"A645587618"},{"SectionName":"","FieldLabel":"Program","FieldType":"Lookup","TestData":"Rubraca Connections"},{"SectionName":"","FieldLabel":"Brand","FieldType":"Lookup","TestData":" RUBRACA"},{"SectionName":"","FieldLabel":"Prescription Document","FieldType":"Lookup","TestData":"AT Prescription Document"},{"SectionName":"","FieldLabel":"Product Type","FieldType":"Picklist","TestData":"Initial Product Fill"}]}]]>
              </value>
            </param>
            <param index="9">
              <value>
                <![CDATA[{"RecordDetails":[{"SectionName":"","FieldLabel":"Name","FieldType":"TextArea","TestData":"Blurb 2"}]}]]>
              </value>
            </param>
            <param index="10">
              <value>
                <![CDATA[{"RecordDetails":[{"SectionName":"","FieldLabel":"Record Type","FieldType":"Label","TestData":"Follow Up 3 Step"}, {"SectionName":"","FieldLabel":"Audience","FieldType":"Picklist","TestData":"Patient"}, {"SectionName":"","FieldLabel":"Patient","FieldType":"Lookup","TestData":"Automation Clovis AA"}, {"SectionName":"","FieldLabel":"Program","FieldType":"Lookup","TestData":"Rubraca Connections"}, {"SectionName":"","FieldLabel":"Case Sub-Type","FieldType":"Picklist","TestData":"New Rx Needed"}, {"SectionName":"","FieldLabel":"Brand","FieldType":"Lookup","TestData":" RUBRACA"}]}]]>
              </value>
            </param>
            <param index="11">
              <value>
                <![CDATA[{"RecordDetails":[{"SectionName":"","FieldLabel":"Due Date","FieldType":"TextBox","TestData":"GetDate"}, {"SectionName":"","FieldLabel":"Number of Attempts","FieldType":"TextBox","TestData":"3"}]}]]>
              </value>
            </param>
            <param index="12">
              <value>
                <![CDATA[{"RecordDetails":[{"SectionName":"","FieldLabel":"Overall Outcome","FieldType":"Picklist","TestData":"Covered"},{"SectionName":"","FieldLabel":"Overall Outcome Reason","FieldType":"Picklist","TestData":"Exception Required"},{"SectionName":"","FieldLabel":"Status","FieldType":"Picklist","TestData":"Completed"}]}]]>
              </value>
            </param>
            <param index="13">
              <value>
                <![CDATA[{"RecordDetails":[{"SectionName":"","FieldLabel":"Proceed With BV","FieldType":"CheckBox","TestData":"Checked"}]}]]>
              </value>
            </param>
          </params>
          <exception class="java.lang.AssertionError">
            <message>
              <![CDATA[PN-00186 is not available in Prescription Lookup]]>
            </message>
            <full-stacktrace>
              <![CDATA[java.lang.AssertionError: PN-00186 is not available in Prescription Lookupat org.testng.Assert.fail(Assert.java:96)at org.testng.asserts.Assertion$6.doAssert(Assertion.java:157)at org.testng.asserts.Assertion.executeAssert(Assertion.java:30)at org.testng.asserts.Assertion.doAssert(Assertion.java:15)at org.testng.asserts.Assertion.fail(Assertion.java:154)at fusion.library.framework.GenericLibrary.handleErrorAndException(GenericLibrary.java:534)at fusion.library.framework.GenericLibrary.handleErrorAndException(GenericLibrary.java:542)at fusion.library.framework.SalesforceLibrary.selectLookupValue(SalesforceLibrary.java:99)at fusion.library.application.CRMLibrary.fillFormDetails(CRMLibrary.java:332)at fusion.library.application.CRMLibrary.createNewRecord(CRMLibrary.java:173)at fusion.library.application.CRMLibrary.createNewRecord(CRMLibrary.java:92)at fusion.regression.crm.benefitverification.BenefitVerificationRegression01.benefitVerificationRegression01(BenefitVerificationRegression01.java:33)at sun.reflect.NativeMethodAccessorImpl.invoke0(Native Method)at sun.reflect.NativeMethodAccessorImpl.invoke(Unknown Source)at sun.reflect.DelegatingMethodAccessorImpl.invoke(Unknown Source)at java.lang.reflect.Method.invoke(Unknown Source)at org.testng.internal.MethodInvocationHelper.invokeMethod(MethodInvocationHelper.java:124)at org.testng.internal.Invoker.invokeMethod(Invoker.java:571)at org.testng.internal.Invoker.invokeTestMethod(Invoker.java:707)at org.testng.internal.Invoker.invokeTestMethods(Invoker.java:979)at org.testng.internal.TestMethodWorker.invokeTestMethods(TestMethodWorker.java:125)at org.testng.internal.TestMethodWorker.run(TestMethodWorker.java:109)at org.testng.TestRunner.privateRun(TestRunner.java:648)at org.testng.TestRunner.run(TestRunner.java:505)at org.testng.SuiteRunner.runTest(SuiteRunner.java:455)at org.testng.SuiteRunner.runSequentially(SuiteRunner.java:450)at org.testng.SuiteRunner.privateRun(SuiteRunner.java:415)at org.testng.SuiteRunner.run(SuiteRunner.java:364)at org.testng.SuiteRunnerWorker.runSuite(SuiteRunnerWorker.java:52)at org.testng.SuiteRunnerWorker.run(SuiteRunnerWorker.java:84)at org.testng.TestNG.runSuitesSequentially(TestNG.java:1187)at org.testng.TestNG.runSuitesLocally(TestNG.java:1116)at org.testng.TestNG.runSuites(TestNG.java:1028)at org.testng.TestNG.run(TestNG.java:996)at org.testng.remote.AbstractRemoteTestNG.run(AbstractRemoteTestNG.java:132)at org.testng.remote.RemoteTestNG.initAndRun(RemoteTestNG.java:236)at org.testng.remote.RemoteTestNG.main(RemoteTestNG.java:81)]]>
            </full-stacktrace>
          </exception> <!-- java.lang.AssertionError -->
          <reporter-output>
            <line>
              <![CDATA[Object: Cases]]>
            </line>
            <line>
              <![CDATA[Record Type: Benefits Verification]]>
            </line>
            <line>
              <![CDATA[Case Sub-Type: New BV]]>
            </line>
            <line>
              <![CDATA[PN-00186 is not available in Prescription Lookup]]>
            </line>
            <line>
              <![CDATA[Screenshot : CRM_Benefit Verification_02152018_060041914_Failed.PNG]]>
            </line>
          </reporter-output>
        </test-method> <!-- benefitVerificationRegression01 -->
        <test-method status="PASS" signature="closeMethod(org.testng.ITestResult)[pri:0, instance:fusion.regression.crm.benefitverification.BenefitVerificationRegression01@1552920]" name="closeMethod" is-config="true" duration-ms="874" started-at="2018-02-15T06:01:02Z" finished-at="2018-02-15T06:01:03Z">
          <params>
            <param index="0">
              <value>
                <![CDATA[[TestResult name=benefitVerificationRegression01 status=FAILURE method=BenefitVerificationRegression01.benefitVerificationRegression01(java.lang.String, java.lang.String, java.lang.String, java.lang.String, java.lang.String, java.lang.String, java.lang.String, java.lang.String, java.lang.String, java.lang.String, java.lang.String, java.lang.String, java.lang.String, java.lang.String)[pri:0, instance:fusion.regression.crm.benefitverification.BenefitVerificationRegression01@1552920] output=Object: Cases]]]>
              </value>
            </param>
          </params>
          <reporter-output>
          </reporter-output>
        </test-method> <!-- closeMethod -->
        <test-method status="PASS" signature="captureDataProviderExceptions()[pri:0, instance:fusion.regression.crm.benefitverification.BenefitVerificationRegression01@1552920]" name="captureDataProviderExceptions" is-config="true" duration-ms="0" started-at="2018-02-15T06:01:03Z" finished-at="2018-02-15T06:01:03Z">
          <reporter-output>
          </reporter-output>
        </test-method> <!-- captureDataProviderExceptions -->
        <test-method status="PASS" signature="closeExecution(org.testng.ITestContext)[pri:0, instance:fusion.regression.crm.benefitverification.BenefitVerificationRegression01@1552920]" name="closeExecution" is-config="true" duration-ms="62" started-at="2018-02-15T06:01:03Z" finished-at="2018-02-15T06:01:03Z">
          <params>
            <param index="0">
              <value>
                <![CDATA[org.testng.TestRunner@b6b6b6]]>
              </value>
            </param>
          </params>
          <reporter-output>
          </reporter-output>
        </test-method> <!-- closeExecution -->
      </class> <!-- fusion.regression.crm.benefitverification.BenefitVerificationRegression01 -->
    </test> <!-- Default test -->
  </suite> <!-- Default suite -->
</testng-results>
